
*** Running vivado
    with args -log vgacore.vds -m64 -product Vivado -mode batch -messageDb vivado.pb -notrace -source vgacore.tcl



****** Vivado v2020.2 (64-bit)
  **** SW Build 3064766 on Wed Nov 18 09:12:45 MST 2020
  **** IP Build 3064653 on Wed Nov 18 14:17:31 MST 2020
    ** Copyright 1986-2020 Xilinx, Inc. All Rights Reserved.

source vgacore.tcl -notrace
Command: synth_design -top vgacore -part xc7a35tcpg236-1
Starting synth_design
Attempting to get a license for feature 'Synthesis' and/or device 'xc7a35t'
INFO: [Common 17-349] Got license for feature 'Synthesis' and/or device 'xc7a35t'
INFO: [Synth 8-7079] Multithreading enabled for synth_design using a maximum of 2 processes.
INFO: [Synth 8-7078] Launching helper process for spawning children vivado processes
INFO: [Synth 8-7075] Helper process launched with PID 9388
---------------------------------------------------------------------------------
Starting Synthesize : Time (s): cpu = 00:00:03 ; elapsed = 00:00:05 . Memory (MB): peak = 1088.746 ; gain = 0.000
---------------------------------------------------------------------------------
INFO: [Synth 8-638] synthesizing module 'vgacore' [C:/Users/alevb/Desktop/DAS/VIVADO/Ejercicio6/Ejercicio6/Ejercicio6.srcs/sources_1/new/vgacore.vhd:17]
INFO: [Synth 8-3491] module 'divisor' declared at 'C:/Users/alevb/Desktop/DAS/VIVADO/Ejercicio6/Ejercicio6/Ejercicio6.srcs/sources_1/new/div.vhd:35' bound to instance 'div25MHz' of component 'divisor' [C:/Users/alevb/Desktop/DAS/VIVADO/Ejercicio6/Ejercicio6/Ejercicio6.srcs/sources_1/new/vgacore.vhd:32]
INFO: [Synth 8-638] synthesizing module 'divisor' [C:/Users/alevb/Desktop/DAS/VIVADO/Ejercicio6/Ejercicio6/Ejercicio6.srcs/sources_1/new/div.vhd:42]
INFO: [Synth 8-256] done synthesizing module 'divisor' (1#1) [C:/Users/alevb/Desktop/DAS/VIVADO/Ejercicio6/Ejercicio6/Ejercicio6.srcs/sources_1/new/div.vhd:42]
ERROR: [Synth 8-549] port width mismatch for port 'max_count': port width = 28, actual width = 3 [C:/Users/alevb/Desktop/DAS/VIVADO/Ejercicio6/Ejercicio6/Ejercicio6.srcs/sources_1/new/vgacore.vhd:32]
ERROR: [Synth 8-285] failed synthesizing module 'vgacore' [C:/Users/alevb/Desktop/DAS/VIVADO/Ejercicio6/Ejercicio6/Ejercicio6.srcs/sources_1/new/vgacore.vhd:17]
---------------------------------------------------------------------------------
Finished Synthesize : Time (s): cpu = 00:00:04 ; elapsed = 00:00:06 . Memory (MB): peak = 1088.746 ; gain = 0.000
---------------------------------------------------------------------------------
synthesize failed
INFO: [Common 17-83] Releasing license: Synthesis
9 Infos, 0 Warnings, 0 Critical Warnings and 3 Errors encountered.
synth_design failed
ERROR: [Common 17-69] Command failed: Vivado Synthesis failed
INFO: [Common 17-206] Exiting Vivado at Mon Apr 17 14:00:57 2023...
