
*** Running vivado
    with args -log pong.vds -m64 -product Vivado -mode batch -messageDb vivado.pb -notrace -source pong.tcl



****** Vivado v2020.2 (64-bit)
  **** SW Build 3064766 on Wed Nov 18 09:12:45 MST 2020
  **** IP Build 3064653 on Wed Nov 18 14:17:31 MST 2020
    ** Copyright 1986-2020 Xilinx, Inc. All Rights Reserved.

source pong.tcl -notrace
Command: synth_design -top pong -part xc7a35tcpg236-1
Starting synth_design
Attempting to get a license for feature 'Synthesis' and/or device 'xc7a35t'
INFO: [Common 17-349] Got license for feature 'Synthesis' and/or device 'xc7a35t'
INFO: [Device 21-403] Loading part xc7a35tcpg236-1
INFO: [Synth 8-7079] Multithreading enabled for synth_design using a maximum of 2 processes.
INFO: [Synth 8-7078] Launching helper process for spawning children vivado processes
INFO: [Synth 8-7075] Helper process launched with PID 10300
---------------------------------------------------------------------------------
Starting RTL Elaboration : Time (s): cpu = 00:00:04 ; elapsed = 00:00:04 . Memory (MB): peak = 1197.746 ; gain = 17.254
---------------------------------------------------------------------------------
INFO: [Synth 8-638] synthesizing module 'pong' [C:/Users/usuario_local/project_pong_b/project_pong_b.srcs/sources_1/imports/project_pong_b/pong.vhd:50]
INFO: [Synth 8-638] synthesizing module 'divisorFrec' [C:/Users/usuario_local/project_pong_b/project_pong_b.srcs/sources_1/imports/project_pong_b/divisorFrec.vhd:42]
INFO: [Synth 8-256] done synthesizing module 'divisorFrec' (1#1) [C:/Users/usuario_local/project_pong_b/project_pong_b.srcs/sources_1/imports/project_pong_b/divisorFrec.vhd:42]
INFO: [Synth 8-638] synthesizing module 'teclado' [C:/Users/usuario_local/project_pong_b/project_pong_b.srcs/sources_1/imports/project_pong_b/p7.vhd:44]
INFO: [Synth 8-256] done synthesizing module 'teclado' (2#1) [C:/Users/usuario_local/project_pong_b/project_pong_b.srcs/sources_1/imports/project_pong_b/p7.vhd:44]
WARNING: [Synth 8-614] signal 'hcnt' is read in the process but is not in the sensitivity list [C:/Users/usuario_local/project_pong_b/project_pong_b.srcs/sources_1/imports/project_pong_b/pong.vhd:156]
WARNING: [Synth 8-614] signal 'vcnt' is read in the process but is not in the sensitivity list [C:/Users/usuario_local/project_pong_b/project_pong_b.srcs/sources_1/imports/project_pong_b/pong.vhd:156]
WARNING: [Synth 8-614] signal 'hcnt' is read in the process but is not in the sensitivity list [C:/Users/usuario_local/project_pong_b/project_pong_b.srcs/sources_1/imports/project_pong_b/pong.vhd:170]
WARNING: [Synth 8-614] signal 'vcnt' is read in the process but is not in the sensitivity list [C:/Users/usuario_local/project_pong_b/project_pong_b.srcs/sources_1/imports/project_pong_b/pong.vhd:170]
WARNING: [Synth 8-614] signal 'estado_bar' is read in the process but is not in the sensitivity list [C:/Users/usuario_local/project_pong_b/project_pong_b.srcs/sources_1/imports/project_pong_b/pong.vhd:193]
WARNING: [Synth 8-614] signal 'newkey' is read in the process but is not in the sensitivity list [C:/Users/usuario_local/project_pong_b/project_pong_b.srcs/sources_1/imports/project_pong_b/pong.vhd:193]
WARNING: [Synth 8-614] signal 'scancode' is read in the process but is not in the sensitivity list [C:/Users/usuario_local/project_pong_b/project_pong_b.srcs/sources_1/imports/project_pong_b/pong.vhd:193]
WARNING: [Synth 8-614] signal 'bar_v_ini' is read in the process but is not in the sensitivity list [C:/Users/usuario_local/project_pong_b/project_pong_b.srcs/sources_1/imports/project_pong_b/pong.vhd:193]
WARNING: [Synth 8-614] signal 'bar_v_fin' is read in the process but is not in the sensitivity list [C:/Users/usuario_local/project_pong_b/project_pong_b.srcs/sources_1/imports/project_pong_b/pong.vhd:193]
WARNING: [Synth 8-614] signal 'hcnt' is read in the process but is not in the sensitivity list [C:/Users/usuario_local/project_pong_b/project_pong_b.srcs/sources_1/imports/project_pong_b/pong.vhd:253]
WARNING: [Synth 8-614] signal 'vcnt' is read in the process but is not in the sensitivity list [C:/Users/usuario_local/project_pong_b/project_pong_b.srcs/sources_1/imports/project_pong_b/pong.vhd:253]
WARNING: [Synth 8-614] signal 'bar' is read in the process but is not in the sensitivity list [C:/Users/usuario_local/project_pong_b/project_pong_b.srcs/sources_1/imports/project_pong_b/pong.vhd:267]
WARNING: [Synth 8-614] signal 'fond' is read in the process but is not in the sensitivity list [C:/Users/usuario_local/project_pong_b/project_pong_b.srcs/sources_1/imports/project_pong_b/pong.vhd:267]
WARNING: [Synth 8-614] signal 'marc' is read in the process but is not in the sensitivity list [C:/Users/usuario_local/project_pong_b/project_pong_b.srcs/sources_1/imports/project_pong_b/pong.vhd:267]
INFO: [Synth 8-256] done synthesizing module 'pong' (3#1) [C:/Users/usuario_local/project_pong_b/project_pong_b.srcs/sources_1/imports/project_pong_b/pong.vhd:50]
---------------------------------------------------------------------------------
Finished RTL Elaboration : Time (s): cpu = 00:00:05 ; elapsed = 00:00:06 . Memory (MB): peak = 1250.109 ; gain = 69.617
---------------------------------------------------------------------------------
---------------------------------------------------------------------------------
Start Handling Custom Attributes
---------------------------------------------------------------------------------
---------------------------------------------------------------------------------
Finished Handling Custom Attributes : Time (s): cpu = 00:00:06 ; elapsed = 00:00:06 . Memory (MB): peak = 1250.109 ; gain = 69.617
---------------------------------------------------------------------------------
---------------------------------------------------------------------------------
Finished RTL Optimization Phase 1 : Time (s): cpu = 00:00:06 ; elapsed = 00:00:06 . Memory (MB): peak = 1250.109 ; gain = 69.617
---------------------------------------------------------------------------------
Netlist sorting complete. Time (s): cpu = 00:00:00 ; elapsed = 00:00:00.004 . Memory (MB): peak = 1250.109 ; gain = 0.000
INFO: [Project 1-570] Preparing netlist for logic optimization

Processing XDC Constraints
Initializing timing engine
Parsing XDC File [C:/Users/usuario_local/project_pong_b/project_pong_b.srcs/constrs_1/imports/project_pong_b/const_generico.xdc]
WARNING: [Vivado 12-584] No ports matched 'PS2ClLK'. [C:/Users/usuario_local/project_pong_b/project_pong_b.srcs/constrs_1/imports/project_pong_b/const_generico.xdc:276]
CRITICAL WARNING: [Common 17-55] 'set_property' expects at least one object. [C:/Users/usuario_local/project_pong_b/project_pong_b.srcs/constrs_1/imports/project_pong_b/const_generico.xdc:276]
Resolution: If [get_<value>] was used to populate the object, check to make sure this command returns at least one valid object.
Finished Parsing XDC File [C:/Users/usuario_local/project_pong_b/project_pong_b.srcs/constrs_1/imports/project_pong_b/const_generico.xdc]
INFO: [Project 1-236] Implementation specific constraints were found while reading constraint file [C:/Users/usuario_local/project_pong_b/project_pong_b.srcs/constrs_1/imports/project_pong_b/const_generico.xdc]. These constraints will be ignored for synthesis but will be used in implementation. Impacted constraints are listed in the file [.Xil/pong_propImpl.xdc].
Resolution: To avoid this warning, move constraints listed in [.Xil/pong_propImpl.xdc] to another XDC file and exclude this new file from synthesis with the used_in_synthesis property (File Properties dialog in GUI) and re-run elaboration/synthesis.
Completed Processing XDC Constraints

Netlist sorting complete. Time (s): cpu = 00:00:00 ; elapsed = 00:00:00 . Memory (MB): peak = 1364.711 ; gain = 0.000
INFO: [Project 1-111] Unisim Transformation Summary:
No Unisim elements were transformed.

Constraint Validation Runtime : Time (s): cpu = 00:00:00 ; elapsed = 00:00:00.003 . Memory (MB): peak = 1364.711 ; gain = 0.000
---------------------------------------------------------------------------------
Finished Constraint Validation : Time (s): cpu = 00:00:12 ; elapsed = 00:00:13 . Memory (MB): peak = 1364.711 ; gain = 184.219
---------------------------------------------------------------------------------
---------------------------------------------------------------------------------
Start Loading Part and Timing Information
---------------------------------------------------------------------------------
Loading part: xc7a35tcpg236-1
---------------------------------------------------------------------------------
Finished Loading Part and Timing Information : Time (s): cpu = 00:00:12 ; elapsed = 00:00:13 . Memory (MB): peak = 1364.711 ; gain = 184.219
---------------------------------------------------------------------------------
---------------------------------------------------------------------------------
Start Applying 'set_property' XDC Constraints
---------------------------------------------------------------------------------
---------------------------------------------------------------------------------
Finished applying 'set_property' XDC Constraints : Time (s): cpu = 00:00:12 ; elapsed = 00:00:13 . Memory (MB): peak = 1364.711 ; gain = 184.219
---------------------------------------------------------------------------------
INFO: [Synth 8-802] inferred FSM for state register 'estado_bar_reg' in module 'pong'
---------------------------------------------------------------------------------------------------
                   State |                     New Encoding |                Previous Encoding 
---------------------------------------------------------------------------------------------------
                  parado |                               00 |                               00
                    down |                               01 |                               10
                      up |                               10 |                               01
---------------------------------------------------------------------------------------------------
INFO: [Synth 8-3354] encoded FSM with state register 'estado_bar_reg' using encoding 'sequential' in module 'pong'
---------------------------------------------------------------------------------
Finished RTL Optimization Phase 2 : Time (s): cpu = 00:00:12 ; elapsed = 00:00:13 . Memory (MB): peak = 1364.711 ; gain = 184.219
---------------------------------------------------------------------------------
---------------------------------------------------------------------------------
Start RTL Component Statistics 
---------------------------------------------------------------------------------
Detailed RTL Component Info : 
+---Registers : 
	               22 Bit    Registers := 1     
	               12 Bit    Registers := 2     
	                1 Bit    Registers := 3     
+---Muxes : 
	   2 Input   12 Bit        Muxes := 1     
	   2 Input    9 Bit        Muxes := 1     
	   3 Input    2 Bit        Muxes := 2     
	   2 Input    2 Bit        Muxes := 3     
	   2 Input    1 Bit        Muxes := 3     
	   3 Input    1 Bit        Muxes := 2     
---------------------------------------------------------------------------------
Finished RTL Component Statistics 
---------------------------------------------------------------------------------
---------------------------------------------------------------------------------
Start Part Resource Summary
---------------------------------------------------------------------------------
Part Resources:
DSPs: 90 (col length:60)
BRAMs: 100 (col length: RAMB18 60 RAMB36 30)
---------------------------------------------------------------------------------
Finished Part Resource Summary
---------------------------------------------------------------------------------
---------------------------------------------------------------------------------
Start Cross Boundary and Area Optimization
---------------------------------------------------------------------------------
---------------------------------------------------------------------------------
Finished Cross Boundary and Area Optimization : Time (s): cpu = 00:00:14 ; elapsed = 00:00:15 . Memory (MB): peak = 1364.711 ; gain = 184.219
---------------------------------------------------------------------------------
---------------------------------------------------------------------------------
Start Applying XDC Timing Constraints
---------------------------------------------------------------------------------
---------------------------------------------------------------------------------
Finished Applying XDC Timing Constraints : Time (s): cpu = 00:00:20 ; elapsed = 00:00:21 . Memory (MB): peak = 1364.711 ; gain = 184.219
---------------------------------------------------------------------------------
---------------------------------------------------------------------------------
Start Timing Optimization
---------------------------------------------------------------------------------
---------------------------------------------------------------------------------
Finished Timing Optimization : Time (s): cpu = 00:00:20 ; elapsed = 00:00:21 . Memory (MB): peak = 1367.359 ; gain = 186.867
---------------------------------------------------------------------------------
---------------------------------------------------------------------------------
Start Technology Mapping
---------------------------------------------------------------------------------
---------------------------------------------------------------------------------
Finished Technology Mapping : Time (s): cpu = 00:00:20 ; elapsed = 00:00:21 . Memory (MB): peak = 1369.164 ; gain = 188.672
---------------------------------------------------------------------------------
---------------------------------------------------------------------------------
Start IO Insertion
---------------------------------------------------------------------------------
---------------------------------------------------------------------------------
Start Flattening Before IO Insertion
---------------------------------------------------------------------------------
---------------------------------------------------------------------------------
Finished Flattening Before IO Insertion
---------------------------------------------------------------------------------
---------------------------------------------------------------------------------
Start Final Netlist Cleanup
---------------------------------------------------------------------------------
---------------------------------------------------------------------------------
Finished Final Netlist Cleanup
---------------------------------------------------------------------------------
---------------------------------------------------------------------------------
Finished IO Insertion : Time (s): cpu = 00:00:23 ; elapsed = 00:00:24 . Memory (MB): peak = 1374.957 ; gain = 194.465
---------------------------------------------------------------------------------
---------------------------------------------------------------------------------
Start Renaming Generated Instances
---------------------------------------------------------------------------------
---------------------------------------------------------------------------------
Finished Renaming Generated Instances : Time (s): cpu = 00:00:23 ; elapsed = 00:00:24 . Memory (MB): peak = 1374.957 ; gain = 194.465
---------------------------------------------------------------------------------
---------------------------------------------------------------------------------
Start Rebuilding User Hierarchy
---------------------------------------------------------------------------------
---------------------------------------------------------------------------------
Finished Rebuilding User Hierarchy : Time (s): cpu = 00:00:23 ; elapsed = 00:00:24 . Memory (MB): peak = 1374.957 ; gain = 194.465
---------------------------------------------------------------------------------
---------------------------------------------------------------------------------
Start Renaming Generated Ports
---------------------------------------------------------------------------------
---------------------------------------------------------------------------------
Finished Renaming Generated Ports : Time (s): cpu = 00:00:23 ; elapsed = 00:00:25 . Memory (MB): peak = 1374.957 ; gain = 194.465
---------------------------------------------------------------------------------
---------------------------------------------------------------------------------
Start Handling Custom Attributes
---------------------------------------------------------------------------------
---------------------------------------------------------------------------------
Finished Handling Custom Attributes : Time (s): cpu = 00:00:23 ; elapsed = 00:00:25 . Memory (MB): peak = 1374.957 ; gain = 194.465
---------------------------------------------------------------------------------
---------------------------------------------------------------------------------
Start Renaming Generated Nets
---------------------------------------------------------------------------------
---------------------------------------------------------------------------------
Finished Renaming Generated Nets : Time (s): cpu = 00:00:23 ; elapsed = 00:00:25 . Memory (MB): peak = 1374.957 ; gain = 194.465
---------------------------------------------------------------------------------
---------------------------------------------------------------------------------
Start Writing Synthesis Report
---------------------------------------------------------------------------------

Report BlackBoxes: 
+-+--------------+----------+
| |BlackBox name |Instances |
+-+--------------+----------+
+-+--------------+----------+

Report Cell Usage: 
+------+-------+------+
|      |Cell   |Count |
+------+-------+------+
|1     |BUFG   |     2|
|2     |CARRY4 |    59|
|3     |LUT1   |    14|
|4     |LUT2   |   245|
|5     |LUT3   |     3|
|6     |LUT4   |    33|
|7     |LUT5   |     4|
|8     |LUT6   |     7|
|9     |FDCE   |    93|
|10    |FDPE   |     9|
|11    |IBUF   |     4|
|12    |OBUF   |    22|
+------+-------+------+
---------------------------------------------------------------------------------
Finished Writing Synthesis Report : Time (s): cpu = 00:00:23 ; elapsed = 00:00:25 . Memory (MB): peak = 1374.957 ; gain = 194.465
---------------------------------------------------------------------------------
Synthesis finished with 0 errors, 0 critical warnings and 0 warnings.
Synthesis Optimization Runtime : Time (s): cpu = 00:00:16 ; elapsed = 00:00:22 . Memory (MB): peak = 1374.957 ; gain = 79.863
Synthesis Optimization Complete : Time (s): cpu = 00:00:24 ; elapsed = 00:00:25 . Memory (MB): peak = 1374.957 ; gain = 194.465
INFO: [Project 1-571] Translating synthesized netlist
Netlist sorting complete. Time (s): cpu = 00:00:00 ; elapsed = 00:00:00.005 . Memory (MB): peak = 1386.996 ; gain = 0.000
INFO: [Netlist 29-17] Analyzing 59 Unisim elements for replacement
INFO: [Netlist 29-28] Unisim Transformation completed in 0 CPU seconds
INFO: [Project 1-570] Preparing netlist for logic optimization
INFO: [Opt 31-138] Pushed 0 inverter(s) to 0 load pin(s).
Netlist sorting complete. Time (s): cpu = 00:00:00 ; elapsed = 00:00:00 . Memory (MB): peak = 1389.988 ; gain = 0.000
INFO: [Project 1-111] Unisim Transformation Summary:
No Unisim elements were transformed.

INFO: [Common 17-83] Releasing license: Synthesis
23 Infos, 15 Warnings, 1 Critical Warnings and 0 Errors encountered.
synth_design completed successfully
synth_design: Time (s): cpu = 00:00:31 ; elapsed = 00:00:36 . Memory (MB): peak = 1389.988 ; gain = 209.496
INFO: [runtcl-6] Synthesis results are not added to the cache due to CRITICAL_WARNING
INFO: [Common 17-1381] The checkpoint 'C:/Users/usuario_local/project_pong_b/project_pong_b.runs/synth_1/pong.dcp' has been generated.
INFO: [runtcl-4] Executing : report_utilization -file pong_utilization_synth.rpt -pb pong_utilization_synth.pb
INFO: [Common 17-206] Exiting Vivado at Tue Apr 11 13:24:12 2023...
