#-----------------------------------------------------------
# Vivado v2020.2 (64-bit)
# SW Build 3064766 on Wed Nov 18 09:12:45 MST 2020
# IP Build 3064653 on Wed Nov 18 14:17:31 MST 2020
# Start of session at: Sun Feb 12 09:47:56 2023
# Process ID: 11912
# Current directory: C:/Users/alevb/Desktop/DAS/DAS PRA 1
# Command line: vivado.exe -gui_launcher_event rodinguilauncherevent2784 C:\Users\alevb\Desktop\DAS\DAS PRA 1\DAS PRA 1.xpr
# Log file: C:/Users/alevb/Desktop/DAS/DAS PRA 1/vivado.log
# Journal file: C:/Users/alevb/Desktop/DAS/DAS PRA 1\vivado.jou
#-----------------------------------------------------------
start_gui
open_project {C:/Users/alevb/Desktop/DAS/DAS PRA 1/DAS PRA 1.xpr}
WARNING: [filemgmt 56-3] Default IP Output Path : Could not find the directory 'C:/Users/alevb/Desktop/DAS/DAS PRA 1/DAS PRA 1.gen/sources_1'.
Scanning sources...
Finished scanning sources
INFO: [IP_Flow 19-234] Refreshing IP repositories
INFO: [IP_Flow 19-1704] No user IP repositories specified
INFO: [IP_Flow 19-2313] Loaded Vivado IP repository 'C:/Xilinx/Vivado/2020.2/data/ip'.
open_project: Time (s): cpu = 00:00:05 ; elapsed = 00:00:06 . Memory (MB): peak = 1102.652 ; gain = 0.000
update_compile_order -fileset sources_1
exit
INFO: [Common 17-206] Exiting Vivado at Sun Feb 12 09:49:21 2023...
