
*** Running vivado
    with args -log pong.vds -m64 -product Vivado -mode batch -messageDb vivado.pb -notrace -source pong.tcl



****** Vivado v2020.2 (64-bit)
  **** SW Build 3064766 on Wed Nov 18 09:12:45 MST 2020
  **** IP Build 3064653 on Wed Nov 18 14:17:31 MST 2020
    ** Copyright 1986-2020 Xilinx, Inc. All Rights Reserved.

source pong.tcl -notrace
Command: synth_design -top pong -part xc7a35tcpg236-1
Starting synth_design
Attempting to get a license for feature 'Synthesis' and/or device 'xc7a35t'
INFO: [Common 17-349] Got license for feature 'Synthesis' and/or device 'xc7a35t'
INFO: [Device 21-403] Loading part xc7a35tcpg236-1
INFO: [Synth 8-7079] Multithreading enabled for synth_design using a maximum of 2 processes.
INFO: [Synth 8-7078] Launching helper process for spawning children vivado processes
INFO: [Synth 8-7075] Helper process launched with PID 5336
---------------------------------------------------------------------------------
Starting RTL Elaboration : Time (s): cpu = 00:00:02 ; elapsed = 00:00:02 . Memory (MB): peak = 1197.922 ; gain = 17.953
---------------------------------------------------------------------------------
INFO: [Synth 8-638] synthesizing module 'pong' [C:/Users/usuario_local/project_pong_d/project_pong_d.srcs/sources_1/imports/project_pong_d/pong.vhd:49]
INFO: [Synth 8-638] synthesizing module 'divisorFrec' [C:/Users/usuario_local/project_pong_d/project_pong_d.srcs/sources_1/imports/project_pong_d/divisorFrec.vhd:42]
INFO: [Synth 8-256] done synthesizing module 'divisorFrec' (1#1) [C:/Users/usuario_local/project_pong_d/project_pong_d.srcs/sources_1/imports/project_pong_d/divisorFrec.vhd:42]
INFO: [Synth 8-638] synthesizing module 'teclado' [C:/Users/usuario_local/project_pong_d/project_pong_d.srcs/sources_1/imports/project_pong_d/p7.vhd:44]
INFO: [Synth 8-256] done synthesizing module 'teclado' (2#1) [C:/Users/usuario_local/project_pong_d/project_pong_d.srcs/sources_1/imports/project_pong_d/p7.vhd:44]
WARNING: [Synth 8-614] signal 'hcnt' is read in the process but is not in the sensitivity list [C:/Users/usuario_local/project_pong_d/project_pong_d.srcs/sources_1/imports/project_pong_d/pong.vhd:170]
WARNING: [Synth 8-614] signal 'vcnt' is read in the process but is not in the sensitivity list [C:/Users/usuario_local/project_pong_d/project_pong_d.srcs/sources_1/imports/project_pong_d/pong.vhd:170]
WARNING: [Synth 8-614] signal 'hcnt' is read in the process but is not in the sensitivity list [C:/Users/usuario_local/project_pong_d/project_pong_d.srcs/sources_1/imports/project_pong_d/pong.vhd:184]
WARNING: [Synth 8-614] signal 'vcnt' is read in the process but is not in the sensitivity list [C:/Users/usuario_local/project_pong_d/project_pong_d.srcs/sources_1/imports/project_pong_d/pong.vhd:184]
WARNING: [Synth 8-614] signal 'estado_bar' is read in the process but is not in the sensitivity list [C:/Users/usuario_local/project_pong_d/project_pong_d.srcs/sources_1/imports/project_pong_d/pong.vhd:211]
WARNING: [Synth 8-614] signal 'newkey' is read in the process but is not in the sensitivity list [C:/Users/usuario_local/project_pong_d/project_pong_d.srcs/sources_1/imports/project_pong_d/pong.vhd:211]
WARNING: [Synth 8-614] signal 'scancode' is read in the process but is not in the sensitivity list [C:/Users/usuario_local/project_pong_d/project_pong_d.srcs/sources_1/imports/project_pong_d/pong.vhd:211]
WARNING: [Synth 8-614] signal 'bar_v_ini' is read in the process but is not in the sensitivity list [C:/Users/usuario_local/project_pong_d/project_pong_d.srcs/sources_1/imports/project_pong_d/pong.vhd:211]
WARNING: [Synth 8-614] signal 'bar_v_fin' is read in the process but is not in the sensitivity list [C:/Users/usuario_local/project_pong_d/project_pong_d.srcs/sources_1/imports/project_pong_d/pong.vhd:211]
WARNING: [Synth 8-614] signal 'hcnt' is read in the process but is not in the sensitivity list [C:/Users/usuario_local/project_pong_d/project_pong_d.srcs/sources_1/imports/project_pong_d/pong.vhd:275]
WARNING: [Synth 8-614] signal 'vcnt' is read in the process but is not in the sensitivity list [C:/Users/usuario_local/project_pong_d/project_pong_d.srcs/sources_1/imports/project_pong_d/pong.vhd:275]
WARNING: [Synth 8-614] signal 'estado_ball' is read in the process but is not in the sensitivity list [C:/Users/usuario_local/project_pong_d/project_pong_d.srcs/sources_1/imports/project_pong_d/pong.vhd:303]
WARNING: [Synth 8-614] signal 'ball_v_ini' is read in the process but is not in the sensitivity list [C:/Users/usuario_local/project_pong_d/project_pong_d.srcs/sources_1/imports/project_pong_d/pong.vhd:303]
WARNING: [Synth 8-614] signal 'ball_h_ini' is read in the process but is not in the sensitivity list [C:/Users/usuario_local/project_pong_d/project_pong_d.srcs/sources_1/imports/project_pong_d/pong.vhd:303]
WARNING: [Synth 8-614] signal 'bar_h_fin' is read in the process but is not in the sensitivity list [C:/Users/usuario_local/project_pong_d/project_pong_d.srcs/sources_1/imports/project_pong_d/pong.vhd:303]
WARNING: [Synth 8-614] signal 'bar_v_fin' is read in the process but is not in the sensitivity list [C:/Users/usuario_local/project_pong_d/project_pong_d.srcs/sources_1/imports/project_pong_d/pong.vhd:303]
WARNING: [Synth 8-614] signal 'ball_v_fin' is read in the process but is not in the sensitivity list [C:/Users/usuario_local/project_pong_d/project_pong_d.srcs/sources_1/imports/project_pong_d/pong.vhd:303]
WARNING: [Synth 8-614] signal 'bar_v_ini' is read in the process but is not in the sensitivity list [C:/Users/usuario_local/project_pong_d/project_pong_d.srcs/sources_1/imports/project_pong_d/pong.vhd:303]
WARNING: [Synth 8-614] signal 'ball_h_fin' is read in the process but is not in the sensitivity list [C:/Users/usuario_local/project_pong_d/project_pong_d.srcs/sources_1/imports/project_pong_d/pong.vhd:303]
WARNING: [Synth 8-614] signal 'hcnt' is read in the process but is not in the sensitivity list [C:/Users/usuario_local/project_pong_d/project_pong_d.srcs/sources_1/imports/project_pong_d/pong.vhd:377]
WARNING: [Synth 8-614] signal 'vcnt' is read in the process but is not in the sensitivity list [C:/Users/usuario_local/project_pong_d/project_pong_d.srcs/sources_1/imports/project_pong_d/pong.vhd:377]
WARNING: [Synth 8-614] signal 'bar' is read in the process but is not in the sensitivity list [C:/Users/usuario_local/project_pong_d/project_pong_d.srcs/sources_1/imports/project_pong_d/pong.vhd:391]
WARNING: [Synth 8-614] signal 'ball' is read in the process but is not in the sensitivity list [C:/Users/usuario_local/project_pong_d/project_pong_d.srcs/sources_1/imports/project_pong_d/pong.vhd:391]
WARNING: [Synth 8-614] signal 'fond' is read in the process but is not in the sensitivity list [C:/Users/usuario_local/project_pong_d/project_pong_d.srcs/sources_1/imports/project_pong_d/pong.vhd:391]
WARNING: [Synth 8-614] signal 'marc' is read in the process but is not in the sensitivity list [C:/Users/usuario_local/project_pong_d/project_pong_d.srcs/sources_1/imports/project_pong_d/pong.vhd:391]
INFO: [Synth 8-256] done synthesizing module 'pong' (3#1) [C:/Users/usuario_local/project_pong_d/project_pong_d.srcs/sources_1/imports/project_pong_d/pong.vhd:49]
---------------------------------------------------------------------------------
Finished RTL Elaboration : Time (s): cpu = 00:00:03 ; elapsed = 00:00:03 . Memory (MB): peak = 1252.203 ; gain = 72.234
---------------------------------------------------------------------------------
---------------------------------------------------------------------------------
Start Handling Custom Attributes
---------------------------------------------------------------------------------
---------------------------------------------------------------------------------
Finished Handling Custom Attributes : Time (s): cpu = 00:00:03 ; elapsed = 00:00:03 . Memory (MB): peak = 1252.203 ; gain = 72.234
---------------------------------------------------------------------------------
---------------------------------------------------------------------------------
Finished RTL Optimization Phase 1 : Time (s): cpu = 00:00:03 ; elapsed = 00:00:03 . Memory (MB): peak = 1252.203 ; gain = 72.234
---------------------------------------------------------------------------------
Netlist sorting complete. Time (s): cpu = 00:00:00 ; elapsed = 00:00:00.004 . Memory (MB): peak = 1252.203 ; gain = 0.000
INFO: [Project 1-570] Preparing netlist for logic optimization

Processing XDC Constraints
Initializing timing engine
Parsing XDC File [C:/Users/usuario_local/project_pong_d/project_pong_d.srcs/constrs_1/imports/project_pong_d/const_generico.xdc]
WARNING: [Vivado 12-584] No ports matched 'PS2ClLK'. [C:/Users/usuario_local/project_pong_d/project_pong_d.srcs/constrs_1/imports/project_pong_d/const_generico.xdc:276]
CRITICAL WARNING: [Common 17-55] 'set_property' expects at least one object. [C:/Users/usuario_local/project_pong_d/project_pong_d.srcs/constrs_1/imports/project_pong_d/const_generico.xdc:276]
Resolution: If [get_<value>] was used to populate the object, check to make sure this command returns at least one valid object.
Finished Parsing XDC File [C:/Users/usuario_local/project_pong_d/project_pong_d.srcs/constrs_1/imports/project_pong_d/const_generico.xdc]
INFO: [Project 1-236] Implementation specific constraints were found while reading constraint file [C:/Users/usuario_local/project_pong_d/project_pong_d.srcs/constrs_1/imports/project_pong_d/const_generico.xdc]. These constraints will be ignored for synthesis but will be used in implementation. Impacted constraints are listed in the file [.Xil/pong_propImpl.xdc].
Resolution: To avoid this warning, move constraints listed in [.Xil/pong_propImpl.xdc] to another XDC file and exclude this new file from synthesis with the used_in_synthesis property (File Properties dialog in GUI) and re-run elaboration/synthesis.
Completed Processing XDC Constraints

Netlist sorting complete. Time (s): cpu = 00:00:00 ; elapsed = 00:00:00.001 . Memory (MB): peak = 1369.223 ; gain = 0.000
INFO: [Project 1-111] Unisim Transformation Summary:
No Unisim elements were transformed.

Constraint Validation Runtime : Time (s): cpu = 00:00:00 ; elapsed = 00:00:00.002 . Memory (MB): peak = 1369.223 ; gain = 0.000
---------------------------------------------------------------------------------
Finished Constraint Validation : Time (s): cpu = 00:00:06 ; elapsed = 00:00:06 . Memory (MB): peak = 1369.223 ; gain = 189.254
---------------------------------------------------------------------------------
---------------------------------------------------------------------------------
Start Loading Part and Timing Information
---------------------------------------------------------------------------------
Loading part: xc7a35tcpg236-1
---------------------------------------------------------------------------------
Finished Loading Part and Timing Information : Time (s): cpu = 00:00:06 ; elapsed = 00:00:06 . Memory (MB): peak = 1369.223 ; gain = 189.254
---------------------------------------------------------------------------------
---------------------------------------------------------------------------------
Start Applying 'set_property' XDC Constraints
---------------------------------------------------------------------------------
---------------------------------------------------------------------------------
Finished applying 'set_property' XDC Constraints : Time (s): cpu = 00:00:06 ; elapsed = 00:00:06 . Memory (MB): peak = 1369.223 ; gain = 189.254
---------------------------------------------------------------------------------
INFO: [Synth 8-802] inferred FSM for state register 'estado_bar_reg' in module 'pong'
INFO: [Synth 8-802] inferred FSM for state register 'estado_ball_reg' in module 'pong'
---------------------------------------------------------------------------------------------------
                   State |                     New Encoding |                Previous Encoding 
---------------------------------------------------------------------------------------------------
                  parado |                               00 |                               00
                    down |                               01 |                               10
                      up |                               10 |                               01
---------------------------------------------------------------------------------------------------
INFO: [Synth 8-3354] encoded FSM with state register 'estado_bar_reg' using encoding 'sequential' in module 'pong'
---------------------------------------------------------------------------------------------------
                   State |                     New Encoding |                Previous Encoding 
---------------------------------------------------------------------------------------------------
                      no |                               00 |                               00
                      ne |                               01 |                               11
                      se |                               10 |                               10
                      so |                               11 |                               01
---------------------------------------------------------------------------------------------------
INFO: [Synth 8-3354] encoded FSM with state register 'estado_ball_reg' using encoding 'sequential' in module 'pong'
---------------------------------------------------------------------------------
Finished RTL Optimization Phase 2 : Time (s): cpu = 00:00:06 ; elapsed = 00:00:07 . Memory (MB): peak = 1369.223 ; gain = 189.254
---------------------------------------------------------------------------------
---------------------------------------------------------------------------------
Start RTL Component Statistics 
---------------------------------------------------------------------------------
Detailed RTL Component Info : 
+---Adders : 
	   2 Input   12 Bit       Adders := 4     
+---Registers : 
	               22 Bit    Registers := 1     
	               12 Bit    Registers := 4     
	                1 Bit    Registers := 3     
+---Muxes : 
	   3 Input   12 Bit        Muxes := 2     
	   2 Input   12 Bit        Muxes := 2     
	   2 Input    9 Bit        Muxes := 1     
	   3 Input    2 Bit        Muxes := 1     
	   2 Input    2 Bit        Muxes := 8     
	   4 Input    2 Bit        Muxes := 3     
	   2 Input    1 Bit        Muxes := 7     
	   3 Input    1 Bit        Muxes := 2     
	   4 Input    1 Bit        Muxes := 1     
---------------------------------------------------------------------------------
Finished RTL Component Statistics 
---------------------------------------------------------------------------------
---------------------------------------------------------------------------------
Start Part Resource Summary
---------------------------------------------------------------------------------
Part Resources:
DSPs: 90 (col length:60)
BRAMs: 100 (col length: RAMB18 60 RAMB36 30)
---------------------------------------------------------------------------------
Finished Part Resource Summary
---------------------------------------------------------------------------------
---------------------------------------------------------------------------------
Start Cross Boundary and Area Optimization
---------------------------------------------------------------------------------
---------------------------------------------------------------------------------
Finished Cross Boundary and Area Optimization : Time (s): cpu = 00:00:08 ; elapsed = 00:00:08 . Memory (MB): peak = 1369.223 ; gain = 189.254
---------------------------------------------------------------------------------
---------------------------------------------------------------------------------
Start Applying XDC Timing Constraints
---------------------------------------------------------------------------------
---------------------------------------------------------------------------------
Finished Applying XDC Timing Constraints : Time (s): cpu = 00:00:11 ; elapsed = 00:00:11 . Memory (MB): peak = 1369.223 ; gain = 189.254
---------------------------------------------------------------------------------
---------------------------------------------------------------------------------
Start Timing Optimization
---------------------------------------------------------------------------------
---------------------------------------------------------------------------------
Finished Timing Optimization : Time (s): cpu = 00:00:11 ; elapsed = 00:00:11 . Memory (MB): peak = 1377.812 ; gain = 197.844
---------------------------------------------------------------------------------
---------------------------------------------------------------------------------
Start Technology Mapping
---------------------------------------------------------------------------------
---------------------------------------------------------------------------------
Finished Technology Mapping : Time (s): cpu = 00:00:11 ; elapsed = 00:00:12 . Memory (MB): peak = 1379.340 ; gain = 199.371
---------------------------------------------------------------------------------
---------------------------------------------------------------------------------
Start IO Insertion
---------------------------------------------------------------------------------
---------------------------------------------------------------------------------
Start Flattening Before IO Insertion
---------------------------------------------------------------------------------
---------------------------------------------------------------------------------
Finished Flattening Before IO Insertion
---------------------------------------------------------------------------------
---------------------------------------------------------------------------------
Start Final Netlist Cleanup
---------------------------------------------------------------------------------
---------------------------------------------------------------------------------
Finished Final Netlist Cleanup
---------------------------------------------------------------------------------
---------------------------------------------------------------------------------
Finished IO Insertion : Time (s): cpu = 00:00:13 ; elapsed = 00:00:13 . Memory (MB): peak = 1385.164 ; gain = 205.195
---------------------------------------------------------------------------------
---------------------------------------------------------------------------------
Start Renaming Generated Instances
---------------------------------------------------------------------------------
---------------------------------------------------------------------------------
Finished Renaming Generated Instances : Time (s): cpu = 00:00:13 ; elapsed = 00:00:13 . Memory (MB): peak = 1385.164 ; gain = 205.195
---------------------------------------------------------------------------------
---------------------------------------------------------------------------------
Start Rebuilding User Hierarchy
---------------------------------------------------------------------------------
---------------------------------------------------------------------------------
Finished Rebuilding User Hierarchy : Time (s): cpu = 00:00:13 ; elapsed = 00:00:13 . Memory (MB): peak = 1385.164 ; gain = 205.195
---------------------------------------------------------------------------------
---------------------------------------------------------------------------------
Start Renaming Generated Ports
---------------------------------------------------------------------------------
---------------------------------------------------------------------------------
Finished Renaming Generated Ports : Time (s): cpu = 00:00:13 ; elapsed = 00:00:13 . Memory (MB): peak = 1385.164 ; gain = 205.195
---------------------------------------------------------------------------------
---------------------------------------------------------------------------------
Start Handling Custom Attributes
---------------------------------------------------------------------------------
---------------------------------------------------------------------------------
Finished Handling Custom Attributes : Time (s): cpu = 00:00:13 ; elapsed = 00:00:13 . Memory (MB): peak = 1385.164 ; gain = 205.195
---------------------------------------------------------------------------------
---------------------------------------------------------------------------------
Start Renaming Generated Nets
---------------------------------------------------------------------------------
---------------------------------------------------------------------------------
Finished Renaming Generated Nets : Time (s): cpu = 00:00:13 ; elapsed = 00:00:13 . Memory (MB): peak = 1385.164 ; gain = 205.195
---------------------------------------------------------------------------------
---------------------------------------------------------------------------------
Start Writing Synthesis Report
---------------------------------------------------------------------------------

Report BlackBoxes: 
+-+--------------+----------+
| |BlackBox name |Instances |
+-+--------------+----------+
+-+--------------+----------+

Report Cell Usage: 
+------+-------+------+
|      |Cell   |Count |
+------+-------+------+
|1     |BUFG   |     3|
|2     |CARRY4 |    98|
|3     |LUT1   |    62|
|4     |LUT2   |   273|
|5     |LUT3   |    35|
|6     |LUT4   |   121|
|7     |LUT5   |     6|
|8     |LUT6   |    13|
|9     |FDCE   |   127|
|10    |FDPE   |    23|
|11    |IBUF   |     4|
|12    |OBUF   |    14|
+------+-------+------+
---------------------------------------------------------------------------------
Finished Writing Synthesis Report : Time (s): cpu = 00:00:13 ; elapsed = 00:00:13 . Memory (MB): peak = 1385.164 ; gain = 205.195
---------------------------------------------------------------------------------
Synthesis finished with 0 errors, 0 critical warnings and 0 warnings.
Synthesis Optimization Runtime : Time (s): cpu = 00:00:09 ; elapsed = 00:00:12 . Memory (MB): peak = 1385.164 ; gain = 88.176
Synthesis Optimization Complete : Time (s): cpu = 00:00:13 ; elapsed = 00:00:13 . Memory (MB): peak = 1385.164 ; gain = 205.195
INFO: [Project 1-571] Translating synthesized netlist
Netlist sorting complete. Time (s): cpu = 00:00:00 ; elapsed = 00:00:00.005 . Memory (MB): peak = 1397.234 ; gain = 0.000
INFO: [Netlist 29-17] Analyzing 98 Unisim elements for replacement
INFO: [Netlist 29-28] Unisim Transformation completed in 0 CPU seconds
INFO: [Project 1-570] Preparing netlist for logic optimization
INFO: [Opt 31-138] Pushed 0 inverter(s) to 0 load pin(s).
Netlist sorting complete. Time (s): cpu = 00:00:00 ; elapsed = 00:00:00.001 . Memory (MB): peak = 1397.234 ; gain = 0.000
INFO: [Project 1-111] Unisim Transformation Summary:
No Unisim elements were transformed.

INFO: [Common 17-83] Releasing license: Synthesis
25 Infos, 26 Warnings, 1 Critical Warnings and 0 Errors encountered.
synth_design completed successfully
synth_design: Time (s): cpu = 00:00:17 ; elapsed = 00:00:17 . Memory (MB): peak = 1397.234 ; gain = 217.266
INFO: [runtcl-6] Synthesis results are not added to the cache due to CRITICAL_WARNING
INFO: [Common 17-1381] The checkpoint 'C:/Users/usuario_local/project_pong_d/project_pong_d.runs/synth_1/pong.dcp' has been generated.
INFO: [runtcl-4] Executing : report_utilization -file pong_utilization_synth.rpt -pb pong_utilization_synth.pb
INFO: [Common 17-206] Exiting Vivado at Mon Apr 17 13:14:16 2023...
