
*** Running vivado
    with args -log divisor_frecuencia.vds -m64 -product Vivado -mode batch -messageDb vivado.pb -notrace -source divisor_frecuencia.tcl



****** Vivado v2020.2 (64-bit)
  **** SW Build 3064766 on Wed Nov 18 09:12:45 MST 2020
  **** IP Build 3064653 on Wed Nov 18 14:17:31 MST 2020
    ** Copyright 1986-2020 Xilinx, Inc. All Rights Reserved.

source divisor_frecuencia.tcl -notrace
Command: synth_design -top divisor_frecuencia -part xc7a35tcpg236-1
Starting synth_design
Attempting to get a license for feature 'Synthesis' and/or device 'xc7a35t'
INFO: [Common 17-349] Got license for feature 'Synthesis' and/or device 'xc7a35t'
INFO: [Device 21-403] Loading part xc7a35tcpg236-1
INFO: [Synth 8-7079] Multithreading enabled for synth_design using a maximum of 2 processes.
INFO: [Synth 8-7078] Launching helper process for spawning children vivado processes
INFO: [Synth 8-7075] Helper process launched with PID 16964
---------------------------------------------------------------------------------
Starting RTL Elaboration : Time (s): cpu = 00:00:04 ; elapsed = 00:00:04 . Memory (MB): peak = 1131.031 ; gain = 26.086
---------------------------------------------------------------------------------
INFO: [Synth 8-638] synthesizing module 'divisor_frecuencia' [C:/Users/alevb/Desktop/DAS/VIVADO/PV4/PV4.srcs/sources_1/new/PV4.vhd:42]
WARNING: [Synth 8-614] signal 'clock' is read in the process but is not in the sensitivity list [C:/Users/alevb/Desktop/DAS/VIVADO/PV4/PV4.srcs/sources_1/new/PV4.vhd:46]
INFO: [Synth 8-256] done synthesizing module 'divisor_frecuencia' (1#1) [C:/Users/alevb/Desktop/DAS/VIVADO/PV4/PV4.srcs/sources_1/new/PV4.vhd:42]
---------------------------------------------------------------------------------
Finished RTL Elaboration : Time (s): cpu = 00:00:05 ; elapsed = 00:00:05 . Memory (MB): peak = 1182.480 ; gain = 77.535
---------------------------------------------------------------------------------
---------------------------------------------------------------------------------
Start Handling Custom Attributes
---------------------------------------------------------------------------------
---------------------------------------------------------------------------------
Finished Handling Custom Attributes : Time (s): cpu = 00:00:05 ; elapsed = 00:00:06 . Memory (MB): peak = 1182.480 ; gain = 77.535
---------------------------------------------------------------------------------
---------------------------------------------------------------------------------
Finished RTL Optimization Phase 1 : Time (s): cpu = 00:00:05 ; elapsed = 00:00:06 . Memory (MB): peak = 1182.480 ; gain = 77.535
---------------------------------------------------------------------------------
Netlist sorting complete. Time (s): cpu = 00:00:00 ; elapsed = 00:00:00.001 . Memory (MB): peak = 1182.480 ; gain = 0.000
INFO: [Project 1-570] Preparing netlist for logic optimization

Processing XDC Constraints
Initializing timing engine
Parsing XDC File [C:/Users/alevb/Desktop/DAS/VIVADO/PONG/PONG.srcs/constrs_1/new/constraints.xdc]
WARNING: [Vivado 12-584] No ports matched 'clk_in'. [C:/Users/alevb/Desktop/DAS/VIVADO/PONG/PONG.srcs/constrs_1/new/constraints.xdc:2]
CRITICAL WARNING: [Common 17-55] 'set_property' expects at least one object. [C:/Users/alevb/Desktop/DAS/VIVADO/PONG/PONG.srcs/constrs_1/new/constraints.xdc:2]
Resolution: If [get_<value>] was used to populate the object, check to make sure this command returns at least one valid object.
WARNING: [Vivado 12-584] No ports matched 'clk_in'. [C:/Users/alevb/Desktop/DAS/VIVADO/PONG/PONG.srcs/constrs_1/new/constraints.xdc:3]
CRITICAL WARNING: [Common 17-55] 'set_property' expects at least one object. [C:/Users/alevb/Desktop/DAS/VIVADO/PONG/PONG.srcs/constrs_1/new/constraints.xdc:3]
Resolution: If [get_<value>] was used to populate the object, check to make sure this command returns at least one valid object.
WARNING: [Vivado 12-584] No ports matched 'clk_in'. [C:/Users/alevb/Desktop/DAS/VIVADO/PONG/PONG.srcs/constrs_1/new/constraints.xdc:4]
CRITICAL WARNING: [Vivado 12-4739] create_clock:No valid object(s) found for '-objects [get_ports clk_in]'. [C:/Users/alevb/Desktop/DAS/VIVADO/PONG/PONG.srcs/constrs_1/new/constraints.xdc:4]
Resolution: Check if the specified object(s) exists in the current design. If it does, ensure that the correct design hierarchy was specified for the object. If you are working with clocks, make sure create_clock was used to create the clock object before it is referenced.
WARNING: [Vivado 12-584] No ports matched 'rgb[0]'. [C:/Users/alevb/Desktop/DAS/VIVADO/PONG/PONG.srcs/constrs_1/new/constraints.xdc:231]
CRITICAL WARNING: [Common 17-55] 'set_property' expects at least one object. [C:/Users/alevb/Desktop/DAS/VIVADO/PONG/PONG.srcs/constrs_1/new/constraints.xdc:231]
Resolution: If [get_<value>] was used to populate the object, check to make sure this command returns at least one valid object.
WARNING: [Vivado 12-584] No ports matched 'rgb[0]'. [C:/Users/alevb/Desktop/DAS/VIVADO/PONG/PONG.srcs/constrs_1/new/constraints.xdc:232]
CRITICAL WARNING: [Common 17-55] 'set_property' expects at least one object. [C:/Users/alevb/Desktop/DAS/VIVADO/PONG/PONG.srcs/constrs_1/new/constraints.xdc:232]
Resolution: If [get_<value>] was used to populate the object, check to make sure this command returns at least one valid object.
WARNING: [Vivado 12-584] No ports matched 'rgb[1]'. [C:/Users/alevb/Desktop/DAS/VIVADO/PONG/PONG.srcs/constrs_1/new/constraints.xdc:233]
CRITICAL WARNING: [Common 17-55] 'set_property' expects at least one object. [C:/Users/alevb/Desktop/DAS/VIVADO/PONG/PONG.srcs/constrs_1/new/constraints.xdc:233]
Resolution: If [get_<value>] was used to populate the object, check to make sure this command returns at least one valid object.
WARNING: [Vivado 12-584] No ports matched 'rgb[1]'. [C:/Users/alevb/Desktop/DAS/VIVADO/PONG/PONG.srcs/constrs_1/new/constraints.xdc:234]
CRITICAL WARNING: [Common 17-55] 'set_property' expects at least one object. [C:/Users/alevb/Desktop/DAS/VIVADO/PONG/PONG.srcs/constrs_1/new/constraints.xdc:234]
Resolution: If [get_<value>] was used to populate the object, check to make sure this command returns at least one valid object.
WARNING: [Vivado 12-584] No ports matched 'rgb[2]'. [C:/Users/alevb/Desktop/DAS/VIVADO/PONG/PONG.srcs/constrs_1/new/constraints.xdc:235]
CRITICAL WARNING: [Common 17-55] 'set_property' expects at least one object. [C:/Users/alevb/Desktop/DAS/VIVADO/PONG/PONG.srcs/constrs_1/new/constraints.xdc:235]
Resolution: If [get_<value>] was used to populate the object, check to make sure this command returns at least one valid object.
WARNING: [Vivado 12-584] No ports matched 'rgb[2]'. [C:/Users/alevb/Desktop/DAS/VIVADO/PONG/PONG.srcs/constrs_1/new/constraints.xdc:236]
CRITICAL WARNING: [Common 17-55] 'set_property' expects at least one object. [C:/Users/alevb/Desktop/DAS/VIVADO/PONG/PONG.srcs/constrs_1/new/constraints.xdc:236]
Resolution: If [get_<value>] was used to populate the object, check to make sure this command returns at least one valid object.
WARNING: [Vivado 12-584] No ports matched 'rgb[3]'. [C:/Users/alevb/Desktop/DAS/VIVADO/PONG/PONG.srcs/constrs_1/new/constraints.xdc:237]
CRITICAL WARNING: [Common 17-55] 'set_property' expects at least one object. [C:/Users/alevb/Desktop/DAS/VIVADO/PONG/PONG.srcs/constrs_1/new/constraints.xdc:237]
Resolution: If [get_<value>] was used to populate the object, check to make sure this command returns at least one valid object.
WARNING: [Vivado 12-584] No ports matched 'rgb[3]'. [C:/Users/alevb/Desktop/DAS/VIVADO/PONG/PONG.srcs/constrs_1/new/constraints.xdc:238]
CRITICAL WARNING: [Common 17-55] 'set_property' expects at least one object. [C:/Users/alevb/Desktop/DAS/VIVADO/PONG/PONG.srcs/constrs_1/new/constraints.xdc:238]
Resolution: If [get_<value>] was used to populate the object, check to make sure this command returns at least one valid object.
WARNING: [Vivado 12-584] No ports matched 'rgb[4]'. [C:/Users/alevb/Desktop/DAS/VIVADO/PONG/PONG.srcs/constrs_1/new/constraints.xdc:239]
CRITICAL WARNING: [Common 17-55] 'set_property' expects at least one object. [C:/Users/alevb/Desktop/DAS/VIVADO/PONG/PONG.srcs/constrs_1/new/constraints.xdc:239]
Resolution: If [get_<value>] was used to populate the object, check to make sure this command returns at least one valid object.
WARNING: [Vivado 12-584] No ports matched 'rgb[4]'. [C:/Users/alevb/Desktop/DAS/VIVADO/PONG/PONG.srcs/constrs_1/new/constraints.xdc:240]
CRITICAL WARNING: [Common 17-55] 'set_property' expects at least one object. [C:/Users/alevb/Desktop/DAS/VIVADO/PONG/PONG.srcs/constrs_1/new/constraints.xdc:240]
Resolution: If [get_<value>] was used to populate the object, check to make sure this command returns at least one valid object.
WARNING: [Vivado 12-584] No ports matched 'rgb[5]'. [C:/Users/alevb/Desktop/DAS/VIVADO/PONG/PONG.srcs/constrs_1/new/constraints.xdc:241]
CRITICAL WARNING: [Common 17-55] 'set_property' expects at least one object. [C:/Users/alevb/Desktop/DAS/VIVADO/PONG/PONG.srcs/constrs_1/new/constraints.xdc:241]
Resolution: If [get_<value>] was used to populate the object, check to make sure this command returns at least one valid object.
WARNING: [Vivado 12-584] No ports matched 'rgb[5]'. [C:/Users/alevb/Desktop/DAS/VIVADO/PONG/PONG.srcs/constrs_1/new/constraints.xdc:242]
CRITICAL WARNING: [Common 17-55] 'set_property' expects at least one object. [C:/Users/alevb/Desktop/DAS/VIVADO/PONG/PONG.srcs/constrs_1/new/constraints.xdc:242]
Resolution: If [get_<value>] was used to populate the object, check to make sure this command returns at least one valid object.
WARNING: [Vivado 12-584] No ports matched 'rgb[6]'. [C:/Users/alevb/Desktop/DAS/VIVADO/PONG/PONG.srcs/constrs_1/new/constraints.xdc:243]
CRITICAL WARNING: [Common 17-55] 'set_property' expects at least one object. [C:/Users/alevb/Desktop/DAS/VIVADO/PONG/PONG.srcs/constrs_1/new/constraints.xdc:243]
Resolution: If [get_<value>] was used to populate the object, check to make sure this command returns at least one valid object.
WARNING: [Vivado 12-584] No ports matched 'rgb[6]'. [C:/Users/alevb/Desktop/DAS/VIVADO/PONG/PONG.srcs/constrs_1/new/constraints.xdc:244]
CRITICAL WARNING: [Common 17-55] 'set_property' expects at least one object. [C:/Users/alevb/Desktop/DAS/VIVADO/PONG/PONG.srcs/constrs_1/new/constraints.xdc:244]
Resolution: If [get_<value>] was used to populate the object, check to make sure this command returns at least one valid object.
WARNING: [Vivado 12-584] No ports matched 'rgb[7]'. [C:/Users/alevb/Desktop/DAS/VIVADO/PONG/PONG.srcs/constrs_1/new/constraints.xdc:245]
CRITICAL WARNING: [Common 17-55] 'set_property' expects at least one object. [C:/Users/alevb/Desktop/DAS/VIVADO/PONG/PONG.srcs/constrs_1/new/constraints.xdc:245]
Resolution: If [get_<value>] was used to populate the object, check to make sure this command returns at least one valid object.
WARNING: [Vivado 12-584] No ports matched 'rgb[7]'. [C:/Users/alevb/Desktop/DAS/VIVADO/PONG/PONG.srcs/constrs_1/new/constraints.xdc:246]
CRITICAL WARNING: [Common 17-55] 'set_property' expects at least one object. [C:/Users/alevb/Desktop/DAS/VIVADO/PONG/PONG.srcs/constrs_1/new/constraints.xdc:246]
Resolution: If [get_<value>] was used to populate the object, check to make sure this command returns at least one valid object.
WARNING: [Vivado 12-584] No ports matched 'rgb[8]'. [C:/Users/alevb/Desktop/DAS/VIVADO/PONG/PONG.srcs/constrs_1/new/constraints.xdc:247]
CRITICAL WARNING: [Common 17-55] 'set_property' expects at least one object. [C:/Users/alevb/Desktop/DAS/VIVADO/PONG/PONG.srcs/constrs_1/new/constraints.xdc:247]
Resolution: If [get_<value>] was used to populate the object, check to make sure this command returns at least one valid object.
WARNING: [Vivado 12-584] No ports matched 'rgb[8]'. [C:/Users/alevb/Desktop/DAS/VIVADO/PONG/PONG.srcs/constrs_1/new/constraints.xdc:248]
CRITICAL WARNING: [Common 17-55] 'set_property' expects at least one object. [C:/Users/alevb/Desktop/DAS/VIVADO/PONG/PONG.srcs/constrs_1/new/constraints.xdc:248]
Resolution: If [get_<value>] was used to populate the object, check to make sure this command returns at least one valid object.
WARNING: [Vivado 12-584] No ports matched 'rgb[9]'. [C:/Users/alevb/Desktop/DAS/VIVADO/PONG/PONG.srcs/constrs_1/new/constraints.xdc:249]
CRITICAL WARNING: [Common 17-55] 'set_property' expects at least one object. [C:/Users/alevb/Desktop/DAS/VIVADO/PONG/PONG.srcs/constrs_1/new/constraints.xdc:249]
Resolution: If [get_<value>] was used to populate the object, check to make sure this command returns at least one valid object.
WARNING: [Vivado 12-584] No ports matched 'rgb[9]'. [C:/Users/alevb/Desktop/DAS/VIVADO/PONG/PONG.srcs/constrs_1/new/constraints.xdc:250]
CRITICAL WARNING: [Common 17-55] 'set_property' expects at least one object. [C:/Users/alevb/Desktop/DAS/VIVADO/PONG/PONG.srcs/constrs_1/new/constraints.xdc:250]
Resolution: If [get_<value>] was used to populate the object, check to make sure this command returns at least one valid object.
WARNING: [Vivado 12-584] No ports matched 'rgb[10]'. [C:/Users/alevb/Desktop/DAS/VIVADO/PONG/PONG.srcs/constrs_1/new/constraints.xdc:251]
CRITICAL WARNING: [Common 17-55] 'set_property' expects at least one object. [C:/Users/alevb/Desktop/DAS/VIVADO/PONG/PONG.srcs/constrs_1/new/constraints.xdc:251]
Resolution: If [get_<value>] was used to populate the object, check to make sure this command returns at least one valid object.
WARNING: [Vivado 12-584] No ports matched 'rgb[10]'. [C:/Users/alevb/Desktop/DAS/VIVADO/PONG/PONG.srcs/constrs_1/new/constraints.xdc:252]
CRITICAL WARNING: [Common 17-55] 'set_property' expects at least one object. [C:/Users/alevb/Desktop/DAS/VIVADO/PONG/PONG.srcs/constrs_1/new/constraints.xdc:252]
Resolution: If [get_<value>] was used to populate the object, check to make sure this command returns at least one valid object.
WARNING: [Vivado 12-584] No ports matched 'rgb[11]'. [C:/Users/alevb/Desktop/DAS/VIVADO/PONG/PONG.srcs/constrs_1/new/constraints.xdc:253]
CRITICAL WARNING: [Common 17-55] 'set_property' expects at least one object. [C:/Users/alevb/Desktop/DAS/VIVADO/PONG/PONG.srcs/constrs_1/new/constraints.xdc:253]
Resolution: If [get_<value>] was used to populate the object, check to make sure this command returns at least one valid object.
WARNING: [Vivado 12-584] No ports matched 'rgb[11]'. [C:/Users/alevb/Desktop/DAS/VIVADO/PONG/PONG.srcs/constrs_1/new/constraints.xdc:254]
CRITICAL WARNING: [Common 17-55] 'set_property' expects at least one object. [C:/Users/alevb/Desktop/DAS/VIVADO/PONG/PONG.srcs/constrs_1/new/constraints.xdc:254]
Resolution: If [get_<value>] was used to populate the object, check to make sure this command returns at least one valid object.
WARNING: [Vivado 12-584] No ports matched 'hsyncb'. [C:/Users/alevb/Desktop/DAS/VIVADO/PONG/PONG.srcs/constrs_1/new/constraints.xdc:255]
CRITICAL WARNING: [Common 17-55] 'set_property' expects at least one object. [C:/Users/alevb/Desktop/DAS/VIVADO/PONG/PONG.srcs/constrs_1/new/constraints.xdc:255]
Resolution: If [get_<value>] was used to populate the object, check to make sure this command returns at least one valid object.
WARNING: [Vivado 12-584] No ports matched 'hsyncb'. [C:/Users/alevb/Desktop/DAS/VIVADO/PONG/PONG.srcs/constrs_1/new/constraints.xdc:256]
CRITICAL WARNING: [Common 17-55] 'set_property' expects at least one object. [C:/Users/alevb/Desktop/DAS/VIVADO/PONG/PONG.srcs/constrs_1/new/constraints.xdc:256]
Resolution: If [get_<value>] was used to populate the object, check to make sure this command returns at least one valid object.
WARNING: [Vivado 12-584] No ports matched 'vsyncb'. [C:/Users/alevb/Desktop/DAS/VIVADO/PONG/PONG.srcs/constrs_1/new/constraints.xdc:257]
CRITICAL WARNING: [Common 17-55] 'set_property' expects at least one object. [C:/Users/alevb/Desktop/DAS/VIVADO/PONG/PONG.srcs/constrs_1/new/constraints.xdc:257]
Resolution: If [get_<value>] was used to populate the object, check to make sure this command returns at least one valid object.
WARNING: [Vivado 12-584] No ports matched 'vsyncb'. [C:/Users/alevb/Desktop/DAS/VIVADO/PONG/PONG.srcs/constrs_1/new/constraints.xdc:258]
CRITICAL WARNING: [Common 17-55] 'set_property' expects at least one object. [C:/Users/alevb/Desktop/DAS/VIVADO/PONG/PONG.srcs/constrs_1/new/constraints.xdc:258]
Resolution: If [get_<value>] was used to populate the object, check to make sure this command returns at least one valid object.
Finished Parsing XDC File [C:/Users/alevb/Desktop/DAS/VIVADO/PONG/PONG.srcs/constrs_1/new/constraints.xdc]
INFO: [Project 1-236] Implementation specific constraints were found while reading constraint file [C:/Users/alevb/Desktop/DAS/VIVADO/PONG/PONG.srcs/constrs_1/new/constraints.xdc]. These constraints will be ignored for synthesis but will be used in implementation. Impacted constraints are listed in the file [.Xil/divisor_frecuencia_propImpl.xdc].
Resolution: To avoid this warning, move constraints listed in [.Xil/divisor_frecuencia_propImpl.xdc] to another XDC file and exclude this new file from synthesis with the used_in_synthesis property (File Properties dialog in GUI) and re-run elaboration/synthesis.
Completed Processing XDC Constraints

Netlist sorting complete. Time (s): cpu = 00:00:00 ; elapsed = 00:00:00.001 . Memory (MB): peak = 1248.383 ; gain = 0.000
INFO: [Project 1-111] Unisim Transformation Summary:
No Unisim elements were transformed.

Constraint Validation Runtime : Time (s): cpu = 00:00:00 ; elapsed = 00:00:00.002 . Memory (MB): peak = 1248.383 ; gain = 0.000
---------------------------------------------------------------------------------
Finished Constraint Validation : Time (s): cpu = 00:00:10 ; elapsed = 00:00:12 . Memory (MB): peak = 1248.383 ; gain = 143.438
---------------------------------------------------------------------------------
---------------------------------------------------------------------------------
Start Loading Part and Timing Information
---------------------------------------------------------------------------------
Loading part: xc7a35tcpg236-1
---------------------------------------------------------------------------------
Finished Loading Part and Timing Information : Time (s): cpu = 00:00:10 ; elapsed = 00:00:12 . Memory (MB): peak = 1248.383 ; gain = 143.438
---------------------------------------------------------------------------------
---------------------------------------------------------------------------------
Start Applying 'set_property' XDC Constraints
---------------------------------------------------------------------------------
---------------------------------------------------------------------------------
Finished applying 'set_property' XDC Constraints : Time (s): cpu = 00:00:10 ; elapsed = 00:00:12 . Memory (MB): peak = 1248.383 ; gain = 143.438
---------------------------------------------------------------------------------
---------------------------------------------------------------------------------
Finished RTL Optimization Phase 2 : Time (s): cpu = 00:00:10 ; elapsed = 00:00:12 . Memory (MB): peak = 1248.383 ; gain = 143.438
---------------------------------------------------------------------------------
---------------------------------------------------------------------------------
Start RTL Component Statistics 
---------------------------------------------------------------------------------
Detailed RTL Component Info : 
+---Registers : 
	                1 Bit    Registers := 1     
---------------------------------------------------------------------------------
Finished RTL Component Statistics 
---------------------------------------------------------------------------------
---------------------------------------------------------------------------------
Start Part Resource Summary
---------------------------------------------------------------------------------
Part Resources:
DSPs: 90 (col length:60)
BRAMs: 100 (col length: RAMB18 60 RAMB36 30)
---------------------------------------------------------------------------------
Finished Part Resource Summary
---------------------------------------------------------------------------------
---------------------------------------------------------------------------------
Start Cross Boundary and Area Optimization
---------------------------------------------------------------------------------
---------------------------------------------------------------------------------
Finished Cross Boundary and Area Optimization : Time (s): cpu = 00:00:11 ; elapsed = 00:00:13 . Memory (MB): peak = 1248.383 ; gain = 143.438
---------------------------------------------------------------------------------
---------------------------------------------------------------------------------
Start Applying XDC Timing Constraints
---------------------------------------------------------------------------------
---------------------------------------------------------------------------------
Finished Applying XDC Timing Constraints : Time (s): cpu = 00:00:16 ; elapsed = 00:00:19 . Memory (MB): peak = 1276.426 ; gain = 171.480
---------------------------------------------------------------------------------
---------------------------------------------------------------------------------
Start Timing Optimization
---------------------------------------------------------------------------------
---------------------------------------------------------------------------------
Finished Timing Optimization : Time (s): cpu = 00:00:16 ; elapsed = 00:00:19 . Memory (MB): peak = 1276.500 ; gain = 171.555
---------------------------------------------------------------------------------
---------------------------------------------------------------------------------
Start Technology Mapping
---------------------------------------------------------------------------------
---------------------------------------------------------------------------------
Finished Technology Mapping : Time (s): cpu = 00:00:16 ; elapsed = 00:00:19 . Memory (MB): peak = 1295.570 ; gain = 190.625
---------------------------------------------------------------------------------
---------------------------------------------------------------------------------
Start IO Insertion
---------------------------------------------------------------------------------
---------------------------------------------------------------------------------
Start Flattening Before IO Insertion
---------------------------------------------------------------------------------
---------------------------------------------------------------------------------
Finished Flattening Before IO Insertion
---------------------------------------------------------------------------------
---------------------------------------------------------------------------------
Start Final Netlist Cleanup
---------------------------------------------------------------------------------
---------------------------------------------------------------------------------
Finished Final Netlist Cleanup
---------------------------------------------------------------------------------
---------------------------------------------------------------------------------
Finished IO Insertion : Time (s): cpu = 00:00:19 ; elapsed = 00:00:22 . Memory (MB): peak = 1300.461 ; gain = 195.516
---------------------------------------------------------------------------------
---------------------------------------------------------------------------------
Start Renaming Generated Instances
---------------------------------------------------------------------------------
---------------------------------------------------------------------------------
Finished Renaming Generated Instances : Time (s): cpu = 00:00:19 ; elapsed = 00:00:22 . Memory (MB): peak = 1300.461 ; gain = 195.516
---------------------------------------------------------------------------------
---------------------------------------------------------------------------------
Start Rebuilding User Hierarchy
---------------------------------------------------------------------------------
---------------------------------------------------------------------------------
Finished Rebuilding User Hierarchy : Time (s): cpu = 00:00:19 ; elapsed = 00:00:22 . Memory (MB): peak = 1300.461 ; gain = 195.516
---------------------------------------------------------------------------------
---------------------------------------------------------------------------------
Start Renaming Generated Ports
---------------------------------------------------------------------------------
---------------------------------------------------------------------------------
Finished Renaming Generated Ports : Time (s): cpu = 00:00:19 ; elapsed = 00:00:22 . Memory (MB): peak = 1300.461 ; gain = 195.516
---------------------------------------------------------------------------------
---------------------------------------------------------------------------------
Start Handling Custom Attributes
---------------------------------------------------------------------------------
---------------------------------------------------------------------------------
Finished Handling Custom Attributes : Time (s): cpu = 00:00:19 ; elapsed = 00:00:22 . Memory (MB): peak = 1300.461 ; gain = 195.516
---------------------------------------------------------------------------------
---------------------------------------------------------------------------------
Start Renaming Generated Nets
---------------------------------------------------------------------------------
---------------------------------------------------------------------------------
Finished Renaming Generated Nets : Time (s): cpu = 00:00:19 ; elapsed = 00:00:22 . Memory (MB): peak = 1300.461 ; gain = 195.516
---------------------------------------------------------------------------------
---------------------------------------------------------------------------------
Start Writing Synthesis Report
---------------------------------------------------------------------------------

Report BlackBoxes: 
+-+--------------+----------+
| |BlackBox name |Instances |
+-+--------------+----------+
+-+--------------+----------+

Report Cell Usage: 
+------+-------+------+
|      |Cell   |Count |
+------+-------+------+
|1     |BUFG   |     1|
|2     |CARRY4 |    10|
|3     |LUT2   |    29|
|4     |LUT6   |     9|
|5     |FDCE   |    28|
|6     |IBUF   |    29|
|7     |OBUF   |     1|
+------+-------+------+
---------------------------------------------------------------------------------
Finished Writing Synthesis Report : Time (s): cpu = 00:00:19 ; elapsed = 00:00:22 . Memory (MB): peak = 1300.461 ; gain = 195.516
---------------------------------------------------------------------------------
Synthesis finished with 0 errors, 0 critical warnings and 0 warnings.
Synthesis Optimization Runtime : Time (s): cpu = 00:00:12 ; elapsed = 00:00:20 . Memory (MB): peak = 1300.461 ; gain = 129.613
Synthesis Optimization Complete : Time (s): cpu = 00:00:19 ; elapsed = 00:00:22 . Memory (MB): peak = 1300.461 ; gain = 195.516
INFO: [Project 1-571] Translating synthesized netlist
Netlist sorting complete. Time (s): cpu = 00:00:00 ; elapsed = 00:00:00.001 . Memory (MB): peak = 1313.496 ; gain = 0.000
INFO: [Netlist 29-17] Analyzing 10 Unisim elements for replacement
INFO: [Netlist 29-28] Unisim Transformation completed in 0 CPU seconds
INFO: [Project 1-570] Preparing netlist for logic optimization
INFO: [Opt 31-138] Pushed 0 inverter(s) to 0 load pin(s).
Netlist sorting complete. Time (s): cpu = 00:00:00 ; elapsed = 00:00:00 . Memory (MB): peak = 1314.477 ; gain = 0.000
INFO: [Project 1-111] Unisim Transformation Summary:
No Unisim elements were transformed.

INFO: [Common 17-83] Releasing license: Synthesis
17 Infos, 32 Warnings, 31 Critical Warnings and 0 Errors encountered.
synth_design completed successfully
synth_design: Time (s): cpu = 00:00:24 ; elapsed = 00:00:28 . Memory (MB): peak = 1314.477 ; gain = 209.531
INFO: [runtcl-6] Synthesis results are not added to the cache due to CRITICAL_WARNING
INFO: [Common 17-1381] The checkpoint 'C:/Users/alevb/Desktop/DAS/VIVADO/PONG/PONG.runs/synth_1/divisor_frecuencia.dcp' has been generated.
INFO: [runtcl-4] Executing : report_utilization -file divisor_frecuencia_utilization_synth.rpt -pb divisor_frecuencia_utilization_synth.pb
INFO: [Common 17-206] Exiting Vivado at Tue Apr 18 14:00:44 2023...
