
*** Running vivado
    with args -log pong.vds -m64 -product Vivado -mode batch -messageDb vivado.pb -notrace -source pong.tcl



****** Vivado v2020.2 (64-bit)
  **** SW Build 3064766 on Wed Nov 18 09:12:45 MST 2020
  **** IP Build 3064653 on Wed Nov 18 14:17:31 MST 2020
    ** Copyright 1986-2020 Xilinx, Inc. All Rights Reserved.

source pong.tcl -notrace
Command: synth_design -top pong -part xc7a35tcpg236-1
Starting synth_design
Attempting to get a license for feature 'Synthesis' and/or device 'xc7a35t'
INFO: [Common 17-349] Got license for feature 'Synthesis' and/or device 'xc7a35t'
INFO: [Device 21-403] Loading part xc7a35tcpg236-1
INFO: [Synth 8-7079] Multithreading enabled for synth_design using a maximum of 2 processes.
INFO: [Synth 8-7078] Launching helper process for spawning children vivado processes
INFO: [Synth 8-7075] Helper process launched with PID 11024
---------------------------------------------------------------------------------
Starting RTL Elaboration : Time (s): cpu = 00:00:02 ; elapsed = 00:00:02 . Memory (MB): peak = 1198.246 ; gain = 18.160
---------------------------------------------------------------------------------
INFO: [Synth 8-638] synthesizing module 'pong' [C:/Users/usuario_local/project_pong_f/project_pong_f.srcs/sources_1/imports/project_pong_f/pong.vhd:52]
INFO: [Synth 8-638] synthesizing module 'divisorFrec' [C:/Users/usuario_local/project_pong_f/project_pong_f.srcs/sources_1/imports/project_pong_f/divisorFrec.vhd:42]
INFO: [Synth 8-256] done synthesizing module 'divisorFrec' (1#1) [C:/Users/usuario_local/project_pong_f/project_pong_f.srcs/sources_1/imports/project_pong_f/divisorFrec.vhd:42]
INFO: [Synth 8-638] synthesizing module 'teclado' [C:/Users/usuario_local/project_pong_f/project_pong_f.srcs/sources_1/imports/project_pong_f/p7.vhd:44]
INFO: [Synth 8-256] done synthesizing module 'teclado' (2#1) [C:/Users/usuario_local/project_pong_f/project_pong_f.srcs/sources_1/imports/project_pong_f/p7.vhd:44]
INFO: [Synth 8-638] synthesizing module 'mem_ram' [C:/Users/usuario_local/project_pong_f/project_pong_f.srcs/sources_1/new/mem_ram.vhd:17]
INFO: [Synth 8-256] done synthesizing module 'mem_ram' (3#1) [C:/Users/usuario_local/project_pong_f/project_pong_f.srcs/sources_1/new/mem_ram.vhd:17]
WARNING: [Synth 8-614] signal 'hcnt' is read in the process but is not in the sensitivity list [C:/Users/usuario_local/project_pong_f/project_pong_f.srcs/sources_1/imports/project_pong_f/pong.vhd:198]
WARNING: [Synth 8-614] signal 'vcnt' is read in the process but is not in the sensitivity list [C:/Users/usuario_local/project_pong_f/project_pong_f.srcs/sources_1/imports/project_pong_f/pong.vhd:198]
WARNING: [Synth 8-614] signal 'hcnt' is read in the process but is not in the sensitivity list [C:/Users/usuario_local/project_pong_f/project_pong_f.srcs/sources_1/imports/project_pong_f/pong.vhd:212]
WARNING: [Synth 8-614] signal 'vcnt' is read in the process but is not in the sensitivity list [C:/Users/usuario_local/project_pong_f/project_pong_f.srcs/sources_1/imports/project_pong_f/pong.vhd:212]
WARNING: [Synth 8-614] signal 'hcnt' is read in the process but is not in the sensitivity list [C:/Users/usuario_local/project_pong_f/project_pong_f.srcs/sources_1/imports/project_pong_f/pong.vhd:227]
WARNING: [Synth 8-614] signal 'vcnt' is read in the process but is not in the sensitivity list [C:/Users/usuario_local/project_pong_f/project_pong_f.srcs/sources_1/imports/project_pong_f/pong.vhd:227]
WARNING: [Synth 8-614] signal 'hcnt' is read in the process but is not in the sensitivity list [C:/Users/usuario_local/project_pong_f/project_pong_f.srcs/sources_1/imports/project_pong_f/pong.vhd:241]
WARNING: [Synth 8-614] signal 'vcnt' is read in the process but is not in the sensitivity list [C:/Users/usuario_local/project_pong_f/project_pong_f.srcs/sources_1/imports/project_pong_f/pong.vhd:241]
WARNING: [Synth 8-614] signal 'bar' is read in the process but is not in the sensitivity list [C:/Users/usuario_local/project_pong_f/project_pong_f.srcs/sources_1/imports/project_pong_f/pong.vhd:255]
WARNING: [Synth 8-614] signal 'ball' is read in the process but is not in the sensitivity list [C:/Users/usuario_local/project_pong_f/project_pong_f.srcs/sources_1/imports/project_pong_f/pong.vhd:255]
WARNING: [Synth 8-614] signal 'fond' is read in the process but is not in the sensitivity list [C:/Users/usuario_local/project_pong_f/project_pong_f.srcs/sources_1/imports/project_pong_f/pong.vhd:255]
WARNING: [Synth 8-614] signal 'cambia_color' is read in the process but is not in the sensitivity list [C:/Users/usuario_local/project_pong_f/project_pong_f.srcs/sources_1/imports/project_pong_f/pong.vhd:255]
WARNING: [Synth 8-614] signal 'marc' is read in the process but is not in the sensitivity list [C:/Users/usuario_local/project_pong_f/project_pong_f.srcs/sources_1/imports/project_pong_f/pong.vhd:255]
WARNING: [Synth 8-614] signal 'estado_bar' is read in the process but is not in the sensitivity list [C:/Users/usuario_local/project_pong_f/project_pong_f.srcs/sources_1/imports/project_pong_f/pong.vhd:358]
WARNING: [Synth 8-614] signal 'newkey' is read in the process but is not in the sensitivity list [C:/Users/usuario_local/project_pong_f/project_pong_f.srcs/sources_1/imports/project_pong_f/pong.vhd:358]
WARNING: [Synth 8-614] signal 'scancode' is read in the process but is not in the sensitivity list [C:/Users/usuario_local/project_pong_f/project_pong_f.srcs/sources_1/imports/project_pong_f/pong.vhd:358]
WARNING: [Synth 8-614] signal 'bar_v_ini' is read in the process but is not in the sensitivity list [C:/Users/usuario_local/project_pong_f/project_pong_f.srcs/sources_1/imports/project_pong_f/pong.vhd:358]
WARNING: [Synth 8-614] signal 'bar_v_fin' is read in the process but is not in the sensitivity list [C:/Users/usuario_local/project_pong_f/project_pong_f.srcs/sources_1/imports/project_pong_f/pong.vhd:358]
WARNING: [Synth 8-614] signal 'estado_ball' is read in the process but is not in the sensitivity list [C:/Users/usuario_local/project_pong_f/project_pong_f.srcs/sources_1/imports/project_pong_f/pong.vhd:412]
WARNING: [Synth 8-614] signal 'ball_v_ini' is read in the process but is not in the sensitivity list [C:/Users/usuario_local/project_pong_f/project_pong_f.srcs/sources_1/imports/project_pong_f/pong.vhd:412]
WARNING: [Synth 8-614] signal 'ball_h_ini' is read in the process but is not in the sensitivity list [C:/Users/usuario_local/project_pong_f/project_pong_f.srcs/sources_1/imports/project_pong_f/pong.vhd:412]
WARNING: [Synth 8-614] signal 'bar_h_fin' is read in the process but is not in the sensitivity list [C:/Users/usuario_local/project_pong_f/project_pong_f.srcs/sources_1/imports/project_pong_f/pong.vhd:412]
WARNING: [Synth 8-614] signal 'bar_v_fin' is read in the process but is not in the sensitivity list [C:/Users/usuario_local/project_pong_f/project_pong_f.srcs/sources_1/imports/project_pong_f/pong.vhd:412]
WARNING: [Synth 8-614] signal 'ball_v_fin' is read in the process but is not in the sensitivity list [C:/Users/usuario_local/project_pong_f/project_pong_f.srcs/sources_1/imports/project_pong_f/pong.vhd:412]
WARNING: [Synth 8-614] signal 'bar_v_ini' is read in the process but is not in the sensitivity list [C:/Users/usuario_local/project_pong_f/project_pong_f.srcs/sources_1/imports/project_pong_f/pong.vhd:412]
WARNING: [Synth 8-614] signal 'ball_h_fin' is read in the process but is not in the sensitivity list [C:/Users/usuario_local/project_pong_f/project_pong_f.srcs/sources_1/imports/project_pong_f/pong.vhd:412]
WARNING: [Synth 8-614] signal 'ballclk' is read in the process but is not in the sensitivity list [C:/Users/usuario_local/project_pong_f/project_pong_f.srcs/sources_1/imports/project_pong_f/pong.vhd:475]
INFO: [Synth 8-226] default block is never used [C:/Users/usuario_local/project_pong_f/project_pong_f.srcs/sources_1/imports/project_pong_f/pong.vhd:490]
INFO: [Synth 8-256] done synthesizing module 'pong' (4#1) [C:/Users/usuario_local/project_pong_f/project_pong_f.srcs/sources_1/imports/project_pong_f/pong.vhd:52]
---------------------------------------------------------------------------------
Finished RTL Elaboration : Time (s): cpu = 00:00:02 ; elapsed = 00:00:03 . Memory (MB): peak = 1251.520 ; gain = 71.434
---------------------------------------------------------------------------------
---------------------------------------------------------------------------------
Start Handling Custom Attributes
---------------------------------------------------------------------------------
---------------------------------------------------------------------------------
Finished Handling Custom Attributes : Time (s): cpu = 00:00:03 ; elapsed = 00:00:03 . Memory (MB): peak = 1251.520 ; gain = 71.434
---------------------------------------------------------------------------------
---------------------------------------------------------------------------------
Finished RTL Optimization Phase 1 : Time (s): cpu = 00:00:03 ; elapsed = 00:00:03 . Memory (MB): peak = 1251.520 ; gain = 71.434
---------------------------------------------------------------------------------
Netlist sorting complete. Time (s): cpu = 00:00:00 ; elapsed = 00:00:00.004 . Memory (MB): peak = 1251.520 ; gain = 0.000
INFO: [Project 1-570] Preparing netlist for logic optimization

Processing XDC Constraints
Initializing timing engine
Parsing XDC File [C:/Users/usuario_local/project_pong_f/project_pong_f.srcs/constrs_1/imports/project_pong_f/const_generico.xdc]
WARNING: [Vivado 12-584] No ports matched 'leds[0]'. [C:/Users/usuario_local/project_pong_f/project_pong_f.srcs/constrs_1/imports/project_pong_f/const_generico.xdc:47]
CRITICAL WARNING: [Common 17-55] 'set_property' expects at least one object. [C:/Users/usuario_local/project_pong_f/project_pong_f.srcs/constrs_1/imports/project_pong_f/const_generico.xdc:47]
Resolution: If [get_<value>] was used to populate the object, check to make sure this command returns at least one valid object.
WARNING: [Vivado 12-584] No ports matched 'leds[0]'. [C:/Users/usuario_local/project_pong_f/project_pong_f.srcs/constrs_1/imports/project_pong_f/const_generico.xdc:48]
CRITICAL WARNING: [Common 17-55] 'set_property' expects at least one object. [C:/Users/usuario_local/project_pong_f/project_pong_f.srcs/constrs_1/imports/project_pong_f/const_generico.xdc:48]
Resolution: If [get_<value>] was used to populate the object, check to make sure this command returns at least one valid object.
WARNING: [Vivado 12-584] No ports matched 'leds[1]'. [C:/Users/usuario_local/project_pong_f/project_pong_f.srcs/constrs_1/imports/project_pong_f/const_generico.xdc:49]
CRITICAL WARNING: [Common 17-55] 'set_property' expects at least one object. [C:/Users/usuario_local/project_pong_f/project_pong_f.srcs/constrs_1/imports/project_pong_f/const_generico.xdc:49]
Resolution: If [get_<value>] was used to populate the object, check to make sure this command returns at least one valid object.
WARNING: [Vivado 12-584] No ports matched 'leds[1]'. [C:/Users/usuario_local/project_pong_f/project_pong_f.srcs/constrs_1/imports/project_pong_f/const_generico.xdc:50]
CRITICAL WARNING: [Common 17-55] 'set_property' expects at least one object. [C:/Users/usuario_local/project_pong_f/project_pong_f.srcs/constrs_1/imports/project_pong_f/const_generico.xdc:50]
Resolution: If [get_<value>] was used to populate the object, check to make sure this command returns at least one valid object.
WARNING: [Vivado 12-584] No ports matched 'leds[2]'. [C:/Users/usuario_local/project_pong_f/project_pong_f.srcs/constrs_1/imports/project_pong_f/const_generico.xdc:51]
CRITICAL WARNING: [Common 17-55] 'set_property' expects at least one object. [C:/Users/usuario_local/project_pong_f/project_pong_f.srcs/constrs_1/imports/project_pong_f/const_generico.xdc:51]
Resolution: If [get_<value>] was used to populate the object, check to make sure this command returns at least one valid object.
WARNING: [Vivado 12-584] No ports matched 'leds[2]'. [C:/Users/usuario_local/project_pong_f/project_pong_f.srcs/constrs_1/imports/project_pong_f/const_generico.xdc:52]
CRITICAL WARNING: [Common 17-55] 'set_property' expects at least one object. [C:/Users/usuario_local/project_pong_f/project_pong_f.srcs/constrs_1/imports/project_pong_f/const_generico.xdc:52]
Resolution: If [get_<value>] was used to populate the object, check to make sure this command returns at least one valid object.
WARNING: [Vivado 12-584] No ports matched 'leds[3]'. [C:/Users/usuario_local/project_pong_f/project_pong_f.srcs/constrs_1/imports/project_pong_f/const_generico.xdc:53]
CRITICAL WARNING: [Common 17-55] 'set_property' expects at least one object. [C:/Users/usuario_local/project_pong_f/project_pong_f.srcs/constrs_1/imports/project_pong_f/const_generico.xdc:53]
Resolution: If [get_<value>] was used to populate the object, check to make sure this command returns at least one valid object.
WARNING: [Vivado 12-584] No ports matched 'leds[3]'. [C:/Users/usuario_local/project_pong_f/project_pong_f.srcs/constrs_1/imports/project_pong_f/const_generico.xdc:54]
CRITICAL WARNING: [Common 17-55] 'set_property' expects at least one object. [C:/Users/usuario_local/project_pong_f/project_pong_f.srcs/constrs_1/imports/project_pong_f/const_generico.xdc:54]
Resolution: If [get_<value>] was used to populate the object, check to make sure this command returns at least one valid object.
WARNING: [Vivado 12-584] No ports matched 'leds[4]'. [C:/Users/usuario_local/project_pong_f/project_pong_f.srcs/constrs_1/imports/project_pong_f/const_generico.xdc:55]
CRITICAL WARNING: [Common 17-55] 'set_property' expects at least one object. [C:/Users/usuario_local/project_pong_f/project_pong_f.srcs/constrs_1/imports/project_pong_f/const_generico.xdc:55]
Resolution: If [get_<value>] was used to populate the object, check to make sure this command returns at least one valid object.
WARNING: [Vivado 12-584] No ports matched 'leds[4]'. [C:/Users/usuario_local/project_pong_f/project_pong_f.srcs/constrs_1/imports/project_pong_f/const_generico.xdc:56]
CRITICAL WARNING: [Common 17-55] 'set_property' expects at least one object. [C:/Users/usuario_local/project_pong_f/project_pong_f.srcs/constrs_1/imports/project_pong_f/const_generico.xdc:56]
Resolution: If [get_<value>] was used to populate the object, check to make sure this command returns at least one valid object.
WARNING: [Vivado 12-584] No ports matched 'leds[5]'. [C:/Users/usuario_local/project_pong_f/project_pong_f.srcs/constrs_1/imports/project_pong_f/const_generico.xdc:57]
CRITICAL WARNING: [Common 17-55] 'set_property' expects at least one object. [C:/Users/usuario_local/project_pong_f/project_pong_f.srcs/constrs_1/imports/project_pong_f/const_generico.xdc:57]
Resolution: If [get_<value>] was used to populate the object, check to make sure this command returns at least one valid object.
WARNING: [Vivado 12-584] No ports matched 'leds[5]'. [C:/Users/usuario_local/project_pong_f/project_pong_f.srcs/constrs_1/imports/project_pong_f/const_generico.xdc:58]
CRITICAL WARNING: [Common 17-55] 'set_property' expects at least one object. [C:/Users/usuario_local/project_pong_f/project_pong_f.srcs/constrs_1/imports/project_pong_f/const_generico.xdc:58]
Resolution: If [get_<value>] was used to populate the object, check to make sure this command returns at least one valid object.
WARNING: [Vivado 12-584] No ports matched 'leds[6]'. [C:/Users/usuario_local/project_pong_f/project_pong_f.srcs/constrs_1/imports/project_pong_f/const_generico.xdc:59]
CRITICAL WARNING: [Common 17-55] 'set_property' expects at least one object. [C:/Users/usuario_local/project_pong_f/project_pong_f.srcs/constrs_1/imports/project_pong_f/const_generico.xdc:59]
Resolution: If [get_<value>] was used to populate the object, check to make sure this command returns at least one valid object.
WARNING: [Vivado 12-584] No ports matched 'leds[6]'. [C:/Users/usuario_local/project_pong_f/project_pong_f.srcs/constrs_1/imports/project_pong_f/const_generico.xdc:60]
CRITICAL WARNING: [Common 17-55] 'set_property' expects at least one object. [C:/Users/usuario_local/project_pong_f/project_pong_f.srcs/constrs_1/imports/project_pong_f/const_generico.xdc:60]
Resolution: If [get_<value>] was used to populate the object, check to make sure this command returns at least one valid object.
WARNING: [Vivado 12-584] No ports matched 'leds[7]'. [C:/Users/usuario_local/project_pong_f/project_pong_f.srcs/constrs_1/imports/project_pong_f/const_generico.xdc:61]
CRITICAL WARNING: [Common 17-55] 'set_property' expects at least one object. [C:/Users/usuario_local/project_pong_f/project_pong_f.srcs/constrs_1/imports/project_pong_f/const_generico.xdc:61]
Resolution: If [get_<value>] was used to populate the object, check to make sure this command returns at least one valid object.
WARNING: [Vivado 12-584] No ports matched 'leds[7]'. [C:/Users/usuario_local/project_pong_f/project_pong_f.srcs/constrs_1/imports/project_pong_f/const_generico.xdc:62]
CRITICAL WARNING: [Common 17-55] 'set_property' expects at least one object. [C:/Users/usuario_local/project_pong_f/project_pong_f.srcs/constrs_1/imports/project_pong_f/const_generico.xdc:62]
Resolution: If [get_<value>] was used to populate the object, check to make sure this command returns at least one valid object.
WARNING: [Vivado 12-584] No ports matched 'PS2ClLK'. [C:/Users/usuario_local/project_pong_f/project_pong_f.srcs/constrs_1/imports/project_pong_f/const_generico.xdc:276]
CRITICAL WARNING: [Common 17-55] 'set_property' expects at least one object. [C:/Users/usuario_local/project_pong_f/project_pong_f.srcs/constrs_1/imports/project_pong_f/const_generico.xdc:276]
Resolution: If [get_<value>] was used to populate the object, check to make sure this command returns at least one valid object.
Finished Parsing XDC File [C:/Users/usuario_local/project_pong_f/project_pong_f.srcs/constrs_1/imports/project_pong_f/const_generico.xdc]
INFO: [Project 1-236] Implementation specific constraints were found while reading constraint file [C:/Users/usuario_local/project_pong_f/project_pong_f.srcs/constrs_1/imports/project_pong_f/const_generico.xdc]. These constraints will be ignored for synthesis but will be used in implementation. Impacted constraints are listed in the file [.Xil/pong_propImpl.xdc].
Resolution: To avoid this warning, move constraints listed in [.Xil/pong_propImpl.xdc] to another XDC file and exclude this new file from synthesis with the used_in_synthesis property (File Properties dialog in GUI) and re-run elaboration/synthesis.
Completed Processing XDC Constraints

Netlist sorting complete. Time (s): cpu = 00:00:00 ; elapsed = 00:00:00 . Memory (MB): peak = 1365.945 ; gain = 0.000
INFO: [Project 1-111] Unisim Transformation Summary:
No Unisim elements were transformed.

Constraint Validation Runtime : Time (s): cpu = 00:00:00 ; elapsed = 00:00:00.001 . Memory (MB): peak = 1365.945 ; gain = 0.000
---------------------------------------------------------------------------------
Finished Constraint Validation : Time (s): cpu = 00:00:06 ; elapsed = 00:00:06 . Memory (MB): peak = 1365.945 ; gain = 185.859
---------------------------------------------------------------------------------
---------------------------------------------------------------------------------
Start Loading Part and Timing Information
---------------------------------------------------------------------------------
Loading part: xc7a35tcpg236-1
---------------------------------------------------------------------------------
Finished Loading Part and Timing Information : Time (s): cpu = 00:00:06 ; elapsed = 00:00:06 . Memory (MB): peak = 1365.945 ; gain = 185.859
---------------------------------------------------------------------------------
---------------------------------------------------------------------------------
Start Applying 'set_property' XDC Constraints
---------------------------------------------------------------------------------
---------------------------------------------------------------------------------
Finished applying 'set_property' XDC Constraints : Time (s): cpu = 00:00:06 ; elapsed = 00:00:06 . Memory (MB): peak = 1365.945 ; gain = 185.859
---------------------------------------------------------------------------------
INFO: [Synth 8-802] inferred FSM for state register 'estado_bar_reg' in module 'pong'
INFO: [Synth 8-802] inferred FSM for state register 'estado_ball_reg' in module 'pong'
---------------------------------------------------------------------------------------------------
                   State |                     New Encoding |                Previous Encoding 
---------------------------------------------------------------------------------------------------
                  parado |                               00 |                               00
                    down |                               01 |                               10
                      up |                               10 |                               01
---------------------------------------------------------------------------------------------------
INFO: [Synth 8-3354] encoded FSM with state register 'estado_bar_reg' using encoding 'sequential' in module 'pong'
---------------------------------------------------------------------------------------------------
                   State |                     New Encoding |                Previous Encoding 
---------------------------------------------------------------------------------------------------
                      no |                               00 |                               00
                      ne |                               01 |                               11
                      se |                               10 |                               10
                      so |                               11 |                               01
---------------------------------------------------------------------------------------------------
INFO: [Synth 8-3354] encoded FSM with state register 'estado_ball_reg' using encoding 'sequential' in module 'pong'
---------------------------------------------------------------------------------
Finished RTL Optimization Phase 2 : Time (s): cpu = 00:00:06 ; elapsed = 00:00:06 . Memory (MB): peak = 1365.945 ; gain = 185.859
---------------------------------------------------------------------------------
---------------------------------------------------------------------------------
Start RTL Component Statistics 
---------------------------------------------------------------------------------
Detailed RTL Component Info : 
+---Adders : 
	   2 Input   12 Bit       Adders := 4     
	   2 Input    3 Bit       Adders := 1     
+---Registers : 
	               22 Bit    Registers := 1     
	               12 Bit    Registers := 4     
	                3 Bit    Registers := 1     
	                1 Bit    Registers := 3     
+---Muxes : 
	   3 Input   12 Bit        Muxes := 2     
	   2 Input   12 Bit        Muxes := 3     
	   8 Input    7 Bit        Muxes := 1     
	   3 Input    2 Bit        Muxes := 1     
	   2 Input    2 Bit        Muxes := 8     
	   4 Input    2 Bit        Muxes := 3     
	   2 Input    1 Bit        Muxes := 7     
	   3 Input    1 Bit        Muxes := 2     
	   4 Input    1 Bit        Muxes := 2     
---------------------------------------------------------------------------------
Finished RTL Component Statistics 
---------------------------------------------------------------------------------
---------------------------------------------------------------------------------
Start Part Resource Summary
---------------------------------------------------------------------------------
Part Resources:
DSPs: 90 (col length:60)
BRAMs: 100 (col length: RAMB18 60 RAMB36 30)
---------------------------------------------------------------------------------
Finished Part Resource Summary
---------------------------------------------------------------------------------
---------------------------------------------------------------------------------
Start Cross Boundary and Area Optimization
---------------------------------------------------------------------------------
---------------------------------------------------------------------------------
Finished Cross Boundary and Area Optimization : Time (s): cpu = 00:00:07 ; elapsed = 00:00:08 . Memory (MB): peak = 1365.945 ; gain = 185.859
---------------------------------------------------------------------------------
---------------------------------------------------------------------------------
Start ROM, RAM, DSP, Shift Register and Retiming Reporting
---------------------------------------------------------------------------------

Distributed RAM: Preliminary Mapping	Report (see note below)
+------------+---------------+-----------+----------------------+----------------+
|Module Name | RTL Object    | Inference | Size (Depth x Width) | Primitives     | 
+------------+---------------+-----------+----------------------+----------------+
|pong        | m_ram/RAM_reg | Implied   | 8 x 12               | RAM16X1S x 12	 | 
+------------+---------------+-----------+----------------------+----------------+

Note: The table above is a preliminary report that shows the Distributed RAMs at the current stage of the synthesis flow. Some Distributed RAMs may be reimplemented as non Distributed RAM primitives later in the synthesis flow. Multiple instantiated RAMs are reported only once.
---------------------------------------------------------------------------------
Finished ROM, RAM, DSP, Shift Register and Retiming Reporting
---------------------------------------------------------------------------------
---------------------------------------------------------------------------------
Start Applying XDC Timing Constraints
---------------------------------------------------------------------------------
---------------------------------------------------------------------------------
Finished Applying XDC Timing Constraints : Time (s): cpu = 00:00:10 ; elapsed = 00:00:11 . Memory (MB): peak = 1365.945 ; gain = 185.859
---------------------------------------------------------------------------------
---------------------------------------------------------------------------------
Start Timing Optimization
---------------------------------------------------------------------------------
---------------------------------------------------------------------------------
Finished Timing Optimization : Time (s): cpu = 00:00:11 ; elapsed = 00:00:11 . Memory (MB): peak = 1373.672 ; gain = 193.586
---------------------------------------------------------------------------------
---------------------------------------------------------------------------------
Start ROM, RAM, DSP, Shift Register and Retiming Reporting
---------------------------------------------------------------------------------

Distributed RAM: Final Mapping	Report
+------------+---------------+-----------+----------------------+----------------+
|Module Name | RTL Object    | Inference | Size (Depth x Width) | Primitives     | 
+------------+---------------+-----------+----------------------+----------------+
|pong        | m_ram/RAM_reg | Implied   | 8 x 12               | RAM16X1S x 12	 | 
+------------+---------------+-----------+----------------------+----------------+

---------------------------------------------------------------------------------
Finished ROM, RAM, DSP, Shift Register and Retiming Reporting
---------------------------------------------------------------------------------
---------------------------------------------------------------------------------
Start Technology Mapping
---------------------------------------------------------------------------------
---------------------------------------------------------------------------------
Finished Technology Mapping : Time (s): cpu = 00:00:11 ; elapsed = 00:00:11 . Memory (MB): peak = 1376.543 ; gain = 196.457
---------------------------------------------------------------------------------
---------------------------------------------------------------------------------
Start IO Insertion
---------------------------------------------------------------------------------
---------------------------------------------------------------------------------
Start Flattening Before IO Insertion
---------------------------------------------------------------------------------
---------------------------------------------------------------------------------
Finished Flattening Before IO Insertion
---------------------------------------------------------------------------------
---------------------------------------------------------------------------------
Start Final Netlist Cleanup
---------------------------------------------------------------------------------
---------------------------------------------------------------------------------
Finished Final Netlist Cleanup
---------------------------------------------------------------------------------
---------------------------------------------------------------------------------
Finished IO Insertion : Time (s): cpu = 00:00:12 ; elapsed = 00:00:13 . Memory (MB): peak = 1382.328 ; gain = 202.242
---------------------------------------------------------------------------------
---------------------------------------------------------------------------------
Start Renaming Generated Instances
---------------------------------------------------------------------------------
---------------------------------------------------------------------------------
Finished Renaming Generated Instances : Time (s): cpu = 00:00:12 ; elapsed = 00:00:13 . Memory (MB): peak = 1382.328 ; gain = 202.242
---------------------------------------------------------------------------------
---------------------------------------------------------------------------------
Start Rebuilding User Hierarchy
---------------------------------------------------------------------------------
---------------------------------------------------------------------------------
Finished Rebuilding User Hierarchy : Time (s): cpu = 00:00:12 ; elapsed = 00:00:13 . Memory (MB): peak = 1382.328 ; gain = 202.242
---------------------------------------------------------------------------------
---------------------------------------------------------------------------------
Start Renaming Generated Ports
---------------------------------------------------------------------------------
---------------------------------------------------------------------------------
Finished Renaming Generated Ports : Time (s): cpu = 00:00:12 ; elapsed = 00:00:13 . Memory (MB): peak = 1382.328 ; gain = 202.242
---------------------------------------------------------------------------------
---------------------------------------------------------------------------------
Start Handling Custom Attributes
---------------------------------------------------------------------------------
---------------------------------------------------------------------------------
Finished Handling Custom Attributes : Time (s): cpu = 00:00:12 ; elapsed = 00:00:13 . Memory (MB): peak = 1382.328 ; gain = 202.242
---------------------------------------------------------------------------------
---------------------------------------------------------------------------------
Start Renaming Generated Nets
---------------------------------------------------------------------------------
---------------------------------------------------------------------------------
Finished Renaming Generated Nets : Time (s): cpu = 00:00:12 ; elapsed = 00:00:13 . Memory (MB): peak = 1382.328 ; gain = 202.242
---------------------------------------------------------------------------------
---------------------------------------------------------------------------------
Start Writing Synthesis Report
---------------------------------------------------------------------------------

Report BlackBoxes: 
+-+--------------+----------+
| |BlackBox name |Instances |
+-+--------------+----------+
+-+--------------+----------+

Report Cell Usage: 
+------+---------+------+
|      |Cell     |Count |
+------+---------+------+
|1     |BUFG     |     3|
|2     |CARRY4   |    97|
|3     |LUT1     |    42|
|4     |LUT2     |   296|
|5     |LUT3     |    42|
|6     |LUT4     |   131|
|7     |LUT5     |     9|
|8     |LUT6     |     6|
|9     |RAM16X1S |    12|
|10    |FDCE     |   130|
|11    |FDPE     |    23|
|12    |IBUF     |     4|
|13    |OBUF     |    25|
+------+---------+------+
---------------------------------------------------------------------------------
Finished Writing Synthesis Report : Time (s): cpu = 00:00:12 ; elapsed = 00:00:13 . Memory (MB): peak = 1382.328 ; gain = 202.242
---------------------------------------------------------------------------------
Synthesis finished with 0 errors, 0 critical warnings and 0 warnings.
Synthesis Optimization Runtime : Time (s): cpu = 00:00:09 ; elapsed = 00:00:12 . Memory (MB): peak = 1382.328 ; gain = 87.816
Synthesis Optimization Complete : Time (s): cpu = 00:00:13 ; elapsed = 00:00:13 . Memory (MB): peak = 1382.328 ; gain = 202.242
INFO: [Project 1-571] Translating synthesized netlist
Netlist sorting complete. Time (s): cpu = 00:00:00 ; elapsed = 00:00:00.005 . Memory (MB): peak = 1394.387 ; gain = 0.000
INFO: [Netlist 29-17] Analyzing 109 Unisim elements for replacement
INFO: [Netlist 29-28] Unisim Transformation completed in 0 CPU seconds
INFO: [Project 1-570] Preparing netlist for logic optimization
INFO: [Opt 31-138] Pushed 0 inverter(s) to 0 load pin(s).
Netlist sorting complete. Time (s): cpu = 00:00:00 ; elapsed = 00:00:00 . Memory (MB): peak = 1394.387 ; gain = 0.000
INFO: [Project 1-111] Unisim Transformation Summary:
  A total of 12 instances were transformed.
  RAM16X1S => RAM32X1S (RAMS32): 12 instances

INFO: [Common 17-83] Releasing license: Synthesis
28 Infos, 44 Warnings, 17 Critical Warnings and 0 Errors encountered.
synth_design completed successfully
synth_design: Time (s): cpu = 00:00:16 ; elapsed = 00:00:17 . Memory (MB): peak = 1394.387 ; gain = 214.301
INFO: [runtcl-6] Synthesis results are not added to the cache due to CRITICAL_WARNING
INFO: [Common 17-1381] The checkpoint 'C:/Users/usuario_local/project_pong_f/project_pong_f.runs/synth_1/pong.dcp' has been generated.
INFO: [runtcl-4] Executing : report_utilization -file pong_utilization_synth.rpt -pb pong_utilization_synth.pb
INFO: [Common 17-206] Exiting Vivado at Mon Apr 17 18:23:10 2023...
